Build started 4/13/2016 2:44:29 PM.
     1>Project "C:\Users\u0942900\Desktop\Networking Assignment\Code\Engine\Graphics\Graphics.vcxproj" on node 2 (Build target(s)).
     1>Building with tools version "14.0".
     1>Target "_CheckForInvalidConfigurationAndPlatform" in file "C:\Program Files (x86)\MSBuild\14.0\bin\Microsoft.Common.CurrentVersion.targets" from project "C:\Users\u0942900\Desktop\Networking Assignment\Code\Engine\Graphics\Graphics.vcxproj" (entry point):
       Task "Error" skipped, due to false condition; ( '$(_InvalidConfigurationError)' == 'true' ) was evaluated as ( '' == 'true' ).
       Task "Warning" skipped, due to false condition; ( '$(_InvalidConfigurationWarning)' == 'true' ) was evaluated as ( '' == 'true' ).
       Using "Message" task from assembly "Microsoft.Build.Tasks.Core, Version=14.0.0.0, Culture=neutral, PublicKeyToken=b03f5f7f11d50a3a".
       Task "Message"
         Configuration=Debug
       Done executing task "Message".
       Task "Message"
         Platform=x64
       Done executing task "Message".
       Task "Error" skipped, due to false condition; ('$(OutDir)' != '' and !HasTrailingSlash('$(OutDir)')) was evaluated as ('C:\Users\u0942900\Desktop\Networking Assignment\temp\x64\Debug\lib\' != '' and !HasTrailingSlash('C:\Users\u0942900\Desktop\Networking Assignment\temp\x64\Debug\lib\')).
       Task "Error" skipped, due to false condition; ('$(BaseIntermediateOutputPath)' != '' and !HasTrailingSlash('$(BaseIntermediateOutputPath)')) was evaluated as ('obj\' != '' and !HasTrailingSlash('obj\')).
       Task "Error" skipped, due to false condition; ('$(IntermediateOutputPath)' != '' and !HasTrailingSlash('$(IntermediateOutputPath)')) was evaluated as ('C:\Users\u0942900\Desktop\Networking Assignment\temp\x64\Debug\intermediates\Graphics\' != '' and !HasTrailingSlash('C:\Users\u0942900\Desktop\Networking Assignment\temp\x64\Debug\intermediates\Graphics\')).
     1>Done building target "_CheckForInvalidConfigurationAndPlatform" in project "Graphics.vcxproj".
     1>Target "_PrepareForBuild" in file "C:\Program Files (x86)\MSBuild\Microsoft.Cpp\v4.0\V140\Microsoft.BuildSteps.Targets" from project "C:\Users\u0942900\Desktop\Networking Assignment\Code\Engine\Graphics\Graphics.vcxproj" (target "Build" depends on it):
       Task "CreateItem" skipped, due to false condition; ('%(CustomBuild.IncludeFileToTool)'!='') was evaluated as (''!='').
     1>Done building target "_PrepareForBuild" in project "Graphics.vcxproj".
     1>Target "_PrepareForReferenceResolution" in file "C:\Program Files (x86)\MSBuild\Microsoft.Cpp\v4.0\V140\Microsoft.CppBuild.targets" from project "C:\Users\u0942900\Desktop\Networking Assignment\Code\Engine\Graphics\Graphics.vcxproj" (target "ResolveReferences" depends on it):
       Task "Message" skipped, due to false condition; ('$(_REFERENCE_DEBUG)'=='true') was evaluated as (''=='true').
     1>Done building target "_PrepareForReferenceResolution" in project "Graphics.vcxproj".
       Target "ComputeCrtSDKReference" skipped, due to false condition; ('@(ClCompile)'!='' and '$(WindowsAppContainer)'=='true' and '$(UseCrtSDKReference)' != 'false') was evaluated as ('Camera.cpp;DebugMenu.cpp;Direct3D\DebugShapes.cpp;Direct3D\Graphics.d3d.cpp;Effect.cpp;GameSprite.cpp;Graphics.cpp;GraphicsContext.cpp;Materials.cpp;Mesh.cpp;Mesh.d3d.cpp;Mesh.gl.cpp;OpenGL\Graphics.gl.cpp'!='' and 'false'=='true' and '' != 'false').
     1>Target "BeforeResolveReferences" in file "C:\Program Files (x86)\MSBuild\14.0\bin\Microsoft.Common.CurrentVersion.targets" from project "C:\Users\u0942900\Desktop\Networking Assignment\Code\Engine\Graphics\Graphics.vcxproj" (target "ResolveReferences" depends on it):
     1>Done building target "BeforeResolveReferences" in project "Graphics.vcxproj".
     1>Target "AssignProjectConfiguration" in file "C:\Program Files (x86)\MSBuild\14.0\bin\Microsoft.Common.CurrentVersion.targets" from project "C:\Users\u0942900\Desktop\Networking Assignment\Code\Engine\Graphics\Graphics.vcxproj" (target "ResolveReferences" depends on it):
       Using "AssignProjectConfiguration" task from assembly "Microsoft.Build.Tasks.Core, Version=14.0.0.0, Culture=neutral, PublicKeyToken=b03f5f7f11d50a3a".
       Task "AssignProjectConfiguration"
       Done executing task "AssignProjectConfiguration".
     1>Done building target "AssignProjectConfiguration" in project "Graphics.vcxproj".
       Target "AssignProjectConfiguration" skipped. Previously built successfully.
     1>Target "_SplitProjectReferencesByFileExistence" in file "C:\Program Files (x86)\MSBuild\14.0\bin\Microsoft.Common.CurrentVersion.targets" from project "C:\Users\u0942900\Desktop\Networking Assignment\Code\Engine\Graphics\Graphics.vcxproj" (target "ResolveProjectReferences" depends on it):
       Task "ResolveNonMSBuildProjectOutput" skipped, due to false condition; ('$(BuildingInsideVisualStudio)'=='true' and '@(ProjectReferenceWithConfiguration)'!='') was evaluated as ('true'=='true' and ''!='').
     1>Done building target "_SplitProjectReferencesByFileExistence" in project "Graphics.vcxproj".
       Target "_RemoveNameMetadataFromProjectReferenceItems" skipped, due to false condition; ('@(ProjectReference)'!='') was evaluated as (''!='').
     1>Target "ResolveProjectReferences" in file "C:\Program Files (x86)\MSBuild\14.0\bin\Microsoft.Common.CurrentVersion.targets" from project "C:\Users\u0942900\Desktop\Networking Assignment\Code\Engine\Graphics\Graphics.vcxproj" (target "ResolveReferences" depends on it):
       Task "MSBuild" skipped, due to false condition; ('%(_MSBuildProjectReferenceExistent.BuildReference)' == 'true' and '@(ProjectReferenceWithConfiguration)' != '' and ('$(BuildingInsideVisualStudio)' == 'true' or '$(BuildProjectReferences)' != 'true') and '$(VisualStudioVersion)' != '10.0' and '@(_MSBuildProjectReferenceExistent)' != '') was evaluated as ('' == 'true' and '' != '' and ('true' == 'true' or 'true' != 'true') and '14.0' != '10.0' and '' != '').
       Task "MSBuild" skipped, due to false condition; ('%(_MSBuildProjectReferenceExistent.BuildReference)' == 'true' and '@(ProjectReferenceWithConfiguration)' != '' and ('$(BuildingInsideVisualStudio)' == 'true' or '$(BuildProjectReferences)' != 'true') and '$(VisualStudioVersion)' == '10.0' and '@(_MSBuildProjectReferenceExistent)' != '') was evaluated as ('' == 'true' and '' != '' and ('true' == 'true' or 'true' != 'true') and '14.0' == '10.0' and '' != '').
       Task "MSBuild" skipped, due to false condition; ('%(_MSBuildProjectReferenceExistent.BuildReference)' == 'true' and '@(ProjectReferenceWithConfiguration)' != '' and '$(BuildingInsideVisualStudio)' != 'true' and '$(BuildProjectReferences)' == 'true' and '@(_MSBuildProjectReferenceExistent)' != '') was evaluated as ('' == 'true' and '' != '' and 'true' != 'true' and 'true' == 'true' and '' != '').
       Task "MSBuild" skipped, due to false condition; ('%(_MSBuildProjectReferenceExistent.BuildReference)' == 'true' and '@(ProjectReferenceWithConfiguration)' != '' and '$(BuildingProject)' == 'true' and '@(_MSBuildProjectReferenceExistent)' != '') was evaluated as ('' == 'true' and '' != '' and 'true' == 'true' and '' != '').
       Task "Warning" skipped, due to false condition; ('@(ProjectReferenceWithConfiguration)' != '' and '@(_MSBuildProjectReferenceNonexistent)' != '') was evaluated as ('' != '' and '' != '').
     1>Done building target "ResolveProjectReferences" in project "Graphics.vcxproj".
       Target "FindInvalidProjectReferences" skipped, due to false condition; ('$(FindInvalidProjectReferences)' == 'true') was evaluated as ('' == 'true').
       Target "ResolveNativeReferences" skipped, due to false condition; ('@(NativeReference)'!='') was evaluated as (''!='').
       Target "_PrepareForReferenceResolution" skipped. Previously built successfully.
     1>Target "GetFrameworkPaths" in file "C:\Program Files (x86)\MSBuild\14.0\bin\Microsoft.NetFramework.CurrentVersion.targets" from project "C:\Users\u0942900\Desktop\Networking Assignment\Code\Engine\Graphics\Graphics.vcxproj" (target "ResolveAssemblyReferences" depends on it):
     1>Done building target "GetFrameworkPaths" in project "Graphics.vcxproj".
       Target "GetWinFXPath" skipped, due to false condition; (('@(Page)' != '' or '@(ApplicationDefinition)' != '' or '@(Resource)' != '') and ('$(GetWinFXNativePath)' != '' or '$(GetWinFXWoWPath)' != '' )) was evaluated as (('' != '' or '' != '' or '' != '') and ('' != '' or '' != '' )).
     1>Target "GetReferenceAssemblyPaths" in file "C:\Program Files (x86)\MSBuild\14.0\bin\Microsoft.Common.CurrentVersion.targets" from project "C:\Users\u0942900\Desktop\Networking Assignment\Code\Engine\Graphics\Graphics.vcxproj" (target "ResolveAssemblyReferences" depends on it):
       Task "GetReferenceAssemblyPaths" skipped, due to false condition; ('$(TargetFrameworkMoniker)' != '' and ('$(_TargetFrameworkDirectories)' == '' or '$(_FullFrameworkReferenceAssemblyPaths)' == '')) was evaluated as ('' != '' and ('C:\Program Files (x86)\Reference Assemblies\Microsoft\Framework\.NETFramework\v4.0' == '' or 'C:\Program Files (x86)\Reference Assemblies\Microsoft\Framework\.NETFramework\v4.0' == '')).
     1>Done building target "GetReferenceAssemblyPaths" in project "Graphics.vcxproj".
     1>Target "SetBuildDefaultEnvironmentVariables" in file "C:\Program Files (x86)\MSBuild\Microsoft.Cpp\v4.0\V140\Microsoft.Cpp.Current.targets" from project "C:\Users\u0942900\Desktop\Networking Assignment\Code\Engine\Graphics\Graphics.vcxproj" (target "PrepareForBuild" depends on it):
       Using "SetEnv" task from assembly "C:\Program Files (x86)\MSBuild\Microsoft.Cpp\v4.0\V140\Microsoft.Build.CppTasks.Common.dll".
       Task "SetEnv"
         PATH=C:\Program Files (x86)\Microsoft Visual Studio 14.0\VC\bin\x86_amd64;C:\Program Files (x86)\Microsoft Visual Studio 14.0\VC\bin;C:\Program Files (x86)\Windows Kits\8.1\bin\x86;;C:\Program Files (x86)\Microsoft SDKs\Windows\v10.0A\bin\NETFX 4.6 Tools;C:\Program Files (x86)\Microsoft Visual Studio 14.0\Common7\Tools\bin;C:\Program Files (x86)\Microsoft Visual Studio 14.0\Common7\tools;C:\Program Files (x86)\Microsoft Visual Studio 14.0\Common7\ide;C:\Program Files (x86)\HTML Help Workshop;;C:\Program Files (x86)\MSBuild\14.0\bin\;C:\Windows\Microsoft.NET\Framework\v4.0.30319\;;C:\Program Files (x86)\Microsoft Visual Studio 14.0\Common7\IDE\CommonExtensions\Microsoft\TeamFoundation\Team Explorer\NativeBinaries\x86;C:\Windows\system32;C:\Windows;C:\Windows\System32\Wbem;C:\Windows\System32\WindowsPowerShell\v1.0\;C:\Program Files\Microsoft DNX\Dnvm\;C:\Program Files\Microsoft SQL Server\120\Tools\Binn\;C:\Program Files\TortoiseSVN\bin;C:\Program Files\Intel\Intel(R) Management Engine Components\DAL;C:\Program Files (x86)\Intel\Intel(R) Management Engine Components\DAL;C:\Program Files\Intel\Intel(R) Management Engine Components\IPT;C:\Program Files (x86)\Intel\Intel(R) Management Engine Components\IPT;C:\Program Files (x86)\Windows Kits\8.1\Windows Performance Toolkit\;C:\Program Files (x86)\NVIDIA Corporation\Cg\bin;C:\Program Files (x86)\NVIDIA Corporation\Cg\bin.x64;C:\Ruby22\bin;C:\Program Files (x86)\Lua\5.1;C:\Program Files (x86)\Lua\5.1\clibs;C:\Program Files\Perforce;C:\Program Files (x86)\QuickTime\QTSystem\;C:\Program Files\Autodesk\Maya2013;C:\Users\u0942900\Documents\maya\2016\Plugins;C:\Program Files (x86)\Skype\Phone\;C:\Program Files (x86)\GtkSharp\2.12\bin;
       Done executing task "SetEnv".
       Task "SetEnv"
         LIB=C:\Program Files (x86)\Microsoft Visual Studio 14.0\VC\lib\amd64;C:\Program Files (x86)\Microsoft Visual Studio 14.0\VC\atlmfc\lib\amd64;C:\Program Files (x86)\Windows Kits\10\lib\10.0.10150.0\ucrt\x64;;;C:\Program Files (x86)\Windows Kits\8.1\lib\winv6.3\um\x64;;C:\Program Files (x86)\Windows Kits\NETFXSDK\4.6\Lib\um\x64
       Done executing task "SetEnv".
       Task "SetEnv"
         LIBPATH=C:\Program Files (x86)\Microsoft Visual Studio 14.0\VC\atlmfc\lib\amd64;C:\Program Files (x86)\Microsoft Visual Studio 14.0\VC\lib\amd64;
       Done executing task "SetEnv".
       Task "SetEnv"
         INCLUDE=C:\Program Files (x86)\Microsoft Visual Studio 14.0\VC\include;C:\Program Files (x86)\Microsoft Visual Studio 14.0\VC\atlmfc\include;C:\Program Files (x86)\Windows Kits\10\Include\10.0.10150.0\ucrt;;;C:\Program Files (x86)\Windows Kits\8.1\Include\um;C:\Program Files (x86)\Windows Kits\8.1\Include\shared;C:\Program Files (x86)\Windows Kits\8.1\Include\winrt;;
       Done executing task "SetEnv".
     1>Done building target "SetBuildDefaultEnvironmentVariables" in project "Graphics.vcxproj".
     1>Target "SetUserMacroEnvironmentVariables" in file "C:\Program Files (x86)\MSBuild\Microsoft.Cpp\v4.0\V140\Microsoft.Cpp.Current.targets" from project "C:\Users\u0942900\Desktop\Networking Assignment\Code\Engine\Graphics\Graphics.vcxproj" (target "PrepareForBuild" depends on it):
       Task "SetEnv"
         TempDir=C:\Users\u0942900\Desktop\Networking Assignment\temp\x64\Debug\
       Done executing task "SetEnv".
       Task "SetEnv"
         IntermediateDir=C:\Users\u0942900\Desktop\Networking Assignment\temp\x64\Debug\intermediates\Graphics\
       Done executing task "SetEnv".
       Task "SetEnv"
         LibDir=C:\Users\u0942900\Desktop\Networking Assignment\temp\x64\Debug\lib\
       Done executing task "SetEnv".
       Task "SetEnv"
         BinDir=C:\Users\u0942900\Desktop\Networking Assignment\temp\x64\Debug\bin\
       Done executing task "SetEnv".
       Task "SetEnv"
         GameDir=C:\Users\u0942900\Desktop\Networking Assignment\temp\x64\Debug\game\
       Done executing task "SetEnv".
       Task "SetEnv"
         AuthoredAssetDir=C:\Users\u0942900\Desktop\Networking Assignment\Assets\
       Done executing task "SetEnv".
       Task "SetEnv"
         BuiltAssetDir=C:\Users\u0942900\Desktop\Networking Assignment\temp\x64\Debug\game\data\
       Done executing task "SetEnv".
       Task "SetEnv"
         ScriptDir=C:\Users\u0942900\Desktop\Networking Assignment\Scripts\
       Done executing task "SetEnv".
     1>Done building target "SetUserMacroEnvironmentVariables" in project "Graphics.vcxproj".
     1>Target "GetResolvedWinMD" in file "C:\Program Files (x86)\MSBuild\Microsoft.Cpp\v4.0\V140\Microsoft.CppBuild.targets" from project "C:\Users\u0942900\Desktop\Networking Assignment\Code\Engine\Graphics\Graphics.vcxproj" (target "PrepareForBuild" depends on it):
     1>Done building target "GetResolvedWinMD" in project "Graphics.vcxproj".
     1>Target "PlatformPrepareForBuild" in file "C:\Program Files (x86)\MSBuild\Microsoft.Cpp\v4.0\V140\Microsoft.Cpp.Platform.targets" from project "C:\Users\u0942900\Desktop\Networking Assignment\Code\Engine\Graphics\Graphics.vcxproj" (target "PrepareForBuild" depends on it):
       Task "VCMessage" skipped, due to false condition; ('$(_Error64bitToolsNotInstalled)' == 'true') was evaluated as ('' == 'true').
       Task "VCMessage" skipped, due to false condition; ('$(DesignTimeBuild)'!='true' and '$(_ToolsetFound)' != 'true' and '$(PlatformToolset)' == 'v110') was evaluated as (''!='true' and 'true' != 'true' and 'v140' == 'v110').
       Task "VCMessage" skipped, due to false condition; ('$(DesignTimeBuild)'!='true' and '$(_ToolsetFound)' != 'true' and '$(PlatformToolset)' == 'v100') was evaluated as (''!='true' and 'true' != 'true' and 'v140' == 'v100').
       Task "VCMessage" skipped, due to false condition; ('$(DesignTimeBuild)'!='true' and '$(_ToolsetFound)' != 'true' and '$(PlatformToolset)' == 'v90') was evaluated as (''!='true' and 'true' != 'true' and 'v140' == 'v90').
       Task "VCMessage" skipped, due to false condition; ('$(DesignTimeBuild)'!='true' and '$(_ToolsetFound)' != 'true' and '$(PlatformToolset)' != 'v90' and '$(PlatformToolset)' != 'v100' and '$(PlatformToolset)' != 'v110') was evaluated as (''!='true' and 'true' != 'true' and 'v140' != 'v90' and 'v140' != 'v100' and 'v140' != 'v110').
     1>Done building target "PlatformPrepareForBuild" in project "Graphics.vcxproj".
       Target "GetFrameworkPaths" skipped. Previously built successfully.
       Target "GetReferenceAssemblyPaths" skipped. Previously built successfully.
       Target "AssignLinkMetadata" skipped, due to false condition; ( '$(SynthesizeLinkMetadata)' == 'true' ) was evaluated as ( '' == 'true' ).
     1>Target "SetCABuildNativeEnvironmentVariables" in file "C:\Program Files (x86)\MSBuild\Microsoft\VisualStudio\v14.0\CodeAnalysis\Microsoft.CodeAnalysis.targets" from project "C:\Users\u0942900\Desktop\Networking Assignment\Code\Engine\Graphics\Graphics.vcxproj" (target "PrepareForBuild" depends on it):
       Initializing task factory "CodeTaskFactory" from assembly "C:\Program Files (x86)\MSBuild\14.0\bin\Microsoft.Build.Tasks.Core.dll".
       Using "SetEnvironmentVariable" task from the task factory "Code Task Factory".
       Task "SetEnvironmentVariable"
       Done executing task "SetEnvironmentVariable".
     1>Done building target "SetCABuildNativeEnvironmentVariables" in project "Graphics.vcxproj".
     1>Target "PrepareForBuild" in file "C:\Program Files (x86)\MSBuild\Microsoft.Cpp\v4.0\V140\Microsoft.CppBuild.targets" from project "C:\Users\u0942900\Desktop\Networking Assignment\Code\Engine\Graphics\Graphics.vcxproj" (target "ResolveAssemblyReferences" depends on it):
       Task "VCMessage" skipped, due to false condition; ('$(DesignTimeBuild)' != 'true' and '$(ConfigurationPlatformExists)' != 'true') was evaluated as ('' != 'true' and 'true' != 'true').
       Using "MakeDir" task from assembly "Microsoft.Build.Tasks.Core, Version=14.0.0.0, Culture=neutral, PublicKeyToken=b03f5f7f11d50a3a".
       Task "MakeDir"
       Done executing task "MakeDir".
       Task "VCMessage" skipped, due to false condition; ('$(DesignTimeBuild)'!='true' and '$(WindowsAppContainer)'=='true' and '$(ConfigurationType)'!='Application' and '$(ConfigurationType)'!='DynamicLibrary' and '$(ConfigurationType)'!='StaticLibrary') was evaluated as (''!='true' and 'false'=='true' and 'StaticLibrary'!='Application' and 'StaticLibrary'!='DynamicLibrary' and 'StaticLibrary'!='StaticLibrary').
       Task "VCMessage" skipped, due to false condition; ('$(DesignTimeBuild)'!='true' and '$(VCInstallDir)'=='' and '$(UseEnv)' != 'true' and ('$(TargetFrameworkVersion)'=='v3.5' or '$(TargetFrameworkVersion)'=='v3.0' or '$(TargetFrameworkVersion)'=='v2.0' )) was evaluated as (''!='true' and 'C:\Program Files (x86)\Microsoft Visual Studio 14.0\VC\'=='' and '' != 'true' and ('v4.0'=='v3.5' or 'v4.0'=='v3.0' or 'v4.0'=='v2.0' )).
       Task "VCMessage" skipped, due to false condition; ('$(DesignTimeBuild)'!='true' and '$(VCInstallDir)'=='' and '$(UseEnv)' != 'true' and '$(PlatformToolset)'=='v90') was evaluated as (''!='true' and 'C:\Program Files (x86)\Microsoft Visual Studio 14.0\VC\'=='' and '' != 'true' and 'v140'=='v90').
       Task "VCMessage" skipped, due to false condition; ('$(VCInstallDir)'=='' and '$(UseEnv)' != 'true') was evaluated as ('C:\Program Files (x86)\Microsoft Visual Studio 14.0\VC\'=='' and '' != 'true').
       Task "VCMessage" skipped, due to false condition; ('$(WindowsSDKDir)'=='' and '$(UseEnv)' != 'true') was evaluated as ('C:\Program Files (x86)\Windows Kits\8.1\'=='' and '' != 'true').
       Task "VCMessage" skipped, due to false condition; ('$(IntDirTrailingSlashWarning)'=='true') was evaluated as (''=='true').
       Task "VCMessage" skipped, due to false condition; ('$(OutDirTrailingSlashWarning)'=='true') was evaluated as (''=='true').
       Task "VCMessage" skipped, due to false condition; ('%(CompatibilityIssues.Identity)' != '' and '$(DesignTimeBuild)'!='true') was evaluated as ('' != '' and ''!='true').
       Task "VCMessage" skipped, due to false condition; ('$(_MBCS_Using)' == 'true' and '$(_MBCS_Installed)' != 'true' and '$(DesignTimeBuild)' != 'true') was evaluated as ('' == 'true' and '' != 'true' and '' != 'true').
       Task "VCMessage" skipped, due to false condition; ('$(IgnoreWarnIntDirSharingDetected)' != 'true' and '$(IntDirSharingDetected)' == 'true') was evaluated as ('' != 'true' and '' == 'true').
       Task "VCMessage" skipped, due to false condition; ('$(IgnoreWarnIntDirInTempDetected)' != 'true' and ('$(_IntDirFullpath.StartsWith($(Tmp), true, null))' == 'true' or '$(_IntDirFullpath.StartsWith($(Temp), true, null))' == 'true' or '$(_OutDirFullpath.StartsWith($(Tmp), true, null))' == 'true' or '$(_OutDirFullpath.StartsWith($(Temp), true, null))' == 'true')) was evaluated as ('' != 'true' and ('False' == 'true' or 'False' == 'true' or 'False' == 'true' or 'False' == 'true')).
       Task "MakeDir"
       Done executing task "MakeDir".
     1>Done building target "PrepareForBuild" in project "Graphics.vcxproj".
       Target "_PrepareForReferenceResolution" skipped. Previously built successfully.
       Target "ComputeCrtSDKReference" skipped, due to false condition; ('@(ClCompile)'!='' and '$(WindowsAppContainer)'=='true' and '$(UseCrtSDKReference)' != 'false') was evaluated as ('Camera.cpp;DebugMenu.cpp;Direct3D\DebugShapes.cpp;Direct3D\Graphics.d3d.cpp;Effect.cpp;GameSprite.cpp;Graphics.cpp;GraphicsContext.cpp;Materials.cpp;Mesh.cpp;Mesh.d3d.cpp;Mesh.gl.cpp;OpenGL\Graphics.gl.cpp'!='' and 'false'=='true' and '' != 'false').
     1>Target "GetInstalledSDKLocations" in file "C:\Program Files (x86)\MSBuild\14.0\bin\Microsoft.Common.CurrentVersion.targets" from project "C:\Users\u0942900\Desktop\Networking Assignment\Code\Engine\Graphics\Graphics.vcxproj" (target "ResolveSDKReferences" depends on it):
       Task "GetInstalledSDKLocations" skipped, due to false condition; ('@(SDKReference)' != '') was evaluated as ('' != '').
       Task "GetInstalledSDKLocations" skipped, due to false condition; ('@(SDKReference)' != '' and '$(SupportWindows81SDKs)' == 'true' and '$(TargetPlatformIdentifierWindows81)' != '' and '$(TargetPlatformVersionWindows81)' != '') was evaluated as ('' != '' and '' == 'true' and '' != '' and '' != '').
       Task "GetInstalledSDKLocations" skipped, due to false condition; ('@(SDKReference)' != '' and '$(SupportWindowsPhone81SDKs)' == 'true' and '$(TargetPlatformIdentifierWindowsPhone81)' != '' and '$(TargetPlatformVersionWindowsPhone81)' != '') was evaluated as ('' != '' and '' == 'true' and '' != '' and '' != '').
     1>Done building target "GetInstalledSDKLocations" in project "Graphics.vcxproj".
     1>Target "ResolveSDKReferences" in file "C:\Program Files (x86)\MSBuild\14.0\bin\Microsoft.Common.CurrentVersion.targets" from project "C:\Users\u0942900\Desktop\Networking Assignment\Code\Engine\Graphics\Graphics.vcxproj" (target "ResolveAssemblyReferences" depends on it):
       Task "ResolveSDKReference" skipped, due to false condition; ('@(SDKReference)'!='') was evaluated as (''!='').
     1>Done building target "ResolveSDKReferences" in project "Graphics.vcxproj".
       Target "ResolveSDKReferences" skipped. Previously built successfully.
     1>Target "ExpandSDKReferences" in file "C:\Program Files (x86)\MSBuild\14.0\bin\Microsoft.Common.CurrentVersion.targets" from project "C:\Users\u0942900\Desktop\Networking Assignment\Code\Engine\Graphics\Graphics.vcxproj" (target "ResolveAssemblyReferences" depends on it):
       Task "GetSDKReferenceFiles" skipped, due to false condition; ('@(ResolvedSDKReference)'!='') was evaluated as (''!='').
     1>Done building target "ExpandSDKReferences" in project "Graphics.vcxproj".
       Target "FakesGenerateBeforeBuild" skipped, due to false condition; (@(Fakes) != '' AND $(BuildingProject)) was evaluated as ( != '' AND true).
     1>Target "ResolveAssemblyReferences" in file "C:\Program Files (x86)\MSBuild\14.0\bin\Microsoft.Common.CurrentVersion.targets" from project "C:\Users\u0942900\Desktop\Networking Assignment\Code\Engine\Graphics\Graphics.vcxproj" (target "ResolveReferences" depends on it):
       Task "ResolveAssemblyReference" skipped, due to false condition; ('@(Reference)'!='' or '@(_ResolvedProjectReferencePaths)'!='' or '@(_ExplicitReference)' != '') was evaluated as (''!='' or ''!='' or '' != '').
     1>Done building target "ResolveAssemblyReferences" in project "Graphics.vcxproj".
       Target "GenerateBindingRedirects" skipped, due to false condition; ('$(AutoGenerateBindingRedirects)' == 'true' and '$(GenerateBindingRedirectsOutputType)' == 'true') was evaluated as ('' == 'true' and '' == 'true').
       Target "GenerateBindingRedirectsUpdateAppConfig" skipped, due to false condition; ('$(AutoGenerateBindingRedirects)' == 'true' and '$(GenerateBindingRedirectsOutputType)' == 'true' and Exists('$(_GenerateBindingRedirectsIntermediateAppConfig)')) was evaluated as ('' == 'true' and '' == 'true' and Exists('C:\Users\u0942900\Desktop\Networking Assignment\temp\x64\Debug\intermediates\Graphics\Graphics.vcxproj.Graphics.lib.config')).
       Target "ResolveComReferences" skipped, due to false condition; ('@(COMReference)'!='' or '@(COMFileReference)'!='') was evaluated as (''!='' or ''!='').
     1>Target "AfterResolveReferences" in file "C:\Program Files (x86)\MSBuild\14.0\bin\Microsoft.Common.CurrentVersion.targets" from project "C:\Users\u0942900\Desktop\Networking Assignment\Code\Engine\Graphics\Graphics.vcxproj" (target "ResolveReferences" depends on it):
     1>Done building target "AfterResolveReferences" in project "Graphics.vcxproj".
       Target "ImplicitlyExpandDesignTimeFacades" skipped, due to false condition; ('$(ImplicitlyExpandDesignTimeFacades)' == 'true') was evaluated as ('' == 'true').
       Target "ResolveTestReferences" skipped, due to false condition; ('@(Shadow)'!='') was evaluated as (''!='').
     1>Target "ResolveReferences" in file "C:\Program Files (x86)\MSBuild\14.0\bin\Microsoft.Common.CurrentVersion.targets" from project "C:\Users\u0942900\Desktop\Networking Assignment\Code\Engine\Graphics\Graphics.vcxproj" (target "Build" depends on it):
     1>Done building target "ResolveReferences" in project "Graphics.vcxproj".
       Target "PrepareForBuild" skipped. Previously built successfully.
       Target "PrepareForBuild" skipped. Previously built successfully.
     1>Target "InitializeBuildStatus" in file "C:\Program Files (x86)\MSBuild\Microsoft.Cpp\v4.0\V140\Microsoft.CppBuild.targets" from project "C:\Users\u0942900\Desktop\Networking Assignment\Code\Engine\Graphics\Graphics.vcxproj" (target "Build" depends on it):
       Using "ReadLinesFromFile" task from assembly "Microsoft.Build.Tasks.Core, Version=14.0.0.0, Culture=neutral, PublicKeyToken=b03f5f7f11d50a3a".
       Task "ReadLinesFromFile"
       Done executing task "ReadLinesFromFile".
       Using "WriteLinesToFile" task from assembly "Microsoft.Build.Tasks.Core, Version=14.0.0.0, Culture=neutral, PublicKeyToken=b03f5f7f11d50a3a".
       Task "WriteLinesToFile"
       Done executing task "WriteLinesToFile".
       Using "Touch" task from assembly "Microsoft.Build.Tasks.Core, Version=14.0.0.0, Culture=neutral, PublicKeyToken=b03f5f7f11d50a3a".
       Task "Touch"
         Creating "C:\Users\u0942900\Desktop\Networking Assignment\temp\x64\Debug\intermediates\Graphics\Graphics.tlog\unsuccessfulbuild" because "AlwaysCreate" was specified.
       Done executing task "Touch".
     1>Done building target "InitializeBuildStatus" in project "Graphics.vcxproj".
       Target "AssignProjectConfiguration" skipped. Previously built successfully.
       Target "_SplitProjectReferencesByFileExistence" skipped. Previously built successfully.
     1>Target "BuildGenerateSourcesTraverse" in file "C:\Program Files (x86)\MSBuild\14.0\bin\Microsoft.Common.CurrentVersion.targets" from project "C:\Users\u0942900\Desktop\Networking Assignment\Code\Engine\Graphics\Graphics.vcxproj" (target "BuildGenerateSources" depends on it):
       Task "MSBuild" skipped, due to false condition; ('$(BuildPassReferences)' == 'true' and '@(ProjectReferenceWithConfiguration)' != '' and '@(_MSBuildProjectReferenceExistent)' != '' and '%(_MSBuildProjectReferenceExistent.BuildReference)' == 'true') was evaluated as ('' == 'true' and '' != '' and '' != '' and '' == 'true').
     1>Done building target "BuildGenerateSourcesTraverse" in project "Graphics.vcxproj".
       Target "PrepareForBuild" skipped. Previously built successfully.
       Target "ResolveReferences" skipped. Previously built successfully.
     1>Target "BeforeBuildGenerateSources" in file "C:\Program Files (x86)\MSBuild\Microsoft.Cpp\v4.0\V140\Microsoft.BuildSteps.Targets" from project "C:\Users\u0942900\Desktop\Networking Assignment\Code\Engine\Graphics\Graphics.vcxproj" (target "_BuildGenerateSourcesAction" depends on it):
     1>Done building target "BeforeBuildGenerateSources" in project "Graphics.vcxproj".
     1>Target "PreBuildEvent" in file "C:\Program Files (x86)\MSBuild\Microsoft.Cpp\v4.0\V140\Microsoft.CppCommon.targets" from project "C:\Users\u0942900\Desktop\Networking Assignment\Code\Engine\Graphics\Graphics.vcxproj" (target "_BuildGenerateSourcesAction" depends on it):
       Task "Message" skipped, due to false condition; ('%(PreBuildEvent.Message)' != '' and '%(PreBuildEvent.Command)' != '') was evaluated as ('' != '' and '' != '').
       Task "Exec" skipped, due to false condition; ('%(PreBuildEvent.Command)' != '') was evaluated as ('' != '').
     1>Done building target "PreBuildEvent" in project "Graphics.vcxproj".
       Target "CustomBuild" skipped, due to false condition; ('@(CustomBuild)' != '') was evaluated as ('' != '').
       Target "FxCompile" skipped, due to false condition; ('@(FxCompile)' != '') was evaluated as ('' != '').
       Target "Xsd" skipped, due to false condition; ('@(Xsd)' != '') was evaluated as ('' != '').
     1>Target "_Xsd" in file "C:\Program Files (x86)\MSBuild\Microsoft.Cpp\v4.0\V140\Microsoft.CppBuild.targets" from project "C:\Users\u0942900\Desktop\Networking Assignment\Code\Engine\Graphics\Graphics.vcxproj" (target "_BuildGenerateSourcesAction" depends on it):
     1>Done building target "_Xsd" in project "Graphics.vcxproj".
     1>Target "MakeDirsForMidl" in file "C:\Program Files (x86)\MSBuild\Microsoft.Cpp\v4.0\V140\Microsoft.CppBuild.targets" from project "C:\Users\u0942900\Desktop\Networking Assignment\Code\Engine\Graphics\Graphics.vcxproj" (target "_Midl" depends on it):
       Task "Makedir"
       Done executing task "Makedir".
     1>Done building target "MakeDirsForMidl" in project "Graphics.vcxproj".
       Target "Midl" skipped, due to false condition; ('@(Midl)' != '') was evaluated as ('' != '').
       Target "CustomBuild" skipped, due to false condition; ('@(CustomBuild)' != '') was evaluated as ('' != '').
       Target "FxCompile" skipped, due to false condition; ('@(FxCompile)' != '') was evaluated as ('' != '').
     1>Target "ComputeMIDLGeneratedCompileInputs" in file "C:\Program Files (x86)\MSBuild\Microsoft.Cpp\v4.0\V140\Microsoft.CppBuild.targets" from project "C:\Users\u0942900\Desktop\Networking Assignment\Code\Engine\Graphics\Graphics.vcxproj" (target "_Midl" depends on it):
     1>Done building target "ComputeMIDLGeneratedCompileInputs" in project "Graphics.vcxproj".
     1>Target "AfterMidl" in file "C:\Program Files (x86)\MSBuild\Microsoft.Cpp\v4.0\V140\Microsoft.CppBuild.targets" from project "C:\Users\u0942900\Desktop\Networking Assignment\Code\Engine\Graphics\Graphics.vcxproj" (target "_Midl" depends on it):
     1>Done building target "AfterMidl" in project "Graphics.vcxproj".
     1>Target "_Midl" in file "C:\Program Files (x86)\MSBuild\Microsoft.Cpp\v4.0\V140\Microsoft.CppBuild.targets" from project "C:\Users\u0942900\Desktop\Networking Assignment\Code\Engine\Graphics\Graphics.vcxproj" (target "_BuildGenerateSourcesAction" depends on it):
     1>Done building target "_Midl" in project "Graphics.vcxproj".
     1>Target "AfterBuildGenerateSources" in file "C:\Program Files (x86)\MSBuild\Microsoft.Cpp\v4.0\V140\Microsoft.BuildSteps.Targets" from project "C:\Users\u0942900\Desktop\Networking Assignment\Code\Engine\Graphics\Graphics.vcxproj" (target "_BuildGenerateSourcesAction" depends on it):
     1>Done building target "AfterBuildGenerateSources" in project "Graphics.vcxproj".
     1>Target "AfterBuildGenerateSourcesEvent" in file "C:\Program Files (x86)\MSBuild\Microsoft.Cpp\v4.0\V140\Microsoft.CppBuild.targets" from project "C:\Users\u0942900\Desktop\Networking Assignment\Code\Engine\Graphics\Graphics.vcxproj" (target "_BuildGenerateSourcesAction" depends on it):
     1>Done building target "AfterBuildGenerateSourcesEvent" in project "Graphics.vcxproj".
     1>Target "_BuildGenerateSourcesAction" in file "C:\Program Files (x86)\MSBuild\Microsoft.Cpp\v4.0\V140\Microsoft.CppBuild.targets" from project "C:\Users\u0942900\Desktop\Networking Assignment\Code\Engine\Graphics\Graphics.vcxproj" (target "BuildGenerateSources" depends on it):
     1>Done building target "_BuildGenerateSourcesAction" in project "Graphics.vcxproj".
     1>Target "BuildGenerateSources" in file "C:\Program Files (x86)\MSBuild\14.0\bin\Microsoft.Common.CurrentVersion.targets" from project "C:\Users\u0942900\Desktop\Networking Assignment\Code\Engine\Graphics\Graphics.vcxproj" (target "Build" depends on it):
     1>Done building target "BuildGenerateSources" in project "Graphics.vcxproj".
       Target "AssignProjectConfiguration" skipped. Previously built successfully.
       Target "_SplitProjectReferencesByFileExistence" skipped. Previously built successfully.
     1>Target "BuildCompileTraverse" in file "C:\Program Files (x86)\MSBuild\14.0\bin\Microsoft.Common.CurrentVersion.targets" from project "C:\Users\u0942900\Desktop\Networking Assignment\Code\Engine\Graphics\Graphics.vcxproj" (target "BuildCompile" depends on it):
       Task "MSBuild" skipped, due to false condition; ('$(BuildPassReferences)' == 'true' and '@(ProjectReferenceWithConfiguration)' != '' and '@(_MSBuildProjectReferenceExistent)' != ''  and '%(_MSBuildProjectReferenceExistent.BuildReference)' == 'true') was evaluated as ('' == 'true' and '' != '' and '' != ''  and '' == 'true').
     1>Done building target "BuildCompileTraverse" in project "Graphics.vcxproj".
       Target "PrepareForBuild" skipped. Previously built successfully.
       Target "ResolveReferences" skipped. Previously built successfully.
     1>Target "BeforeClCompile" in file "C:\Program Files (x86)\MSBuild\Microsoft.Cpp\v4.0\V140\Microsoft.CppBuild.targets" from project "C:\Users\u0942900\Desktop\Networking Assignment\Code\Engine\Graphics\Graphics.vcxproj" (target "_ClCompile" depends on it):
     1>Done building target "BeforeClCompile" in project "Graphics.vcxproj".
       Target "ComputeMIDLGeneratedCompileInputs" skipped. Previously built successfully.
     1>Target "ComputeCLInputPDBName" in file "C:\Program Files (x86)\MSBuild\Microsoft.Cpp\v4.0\V140\Microsoft.CppBuild.targets" from project "C:\Users\u0942900\Desktop\Networking Assignment\Code\Engine\Graphics\Graphics.vcxproj" (target "_ClCompile" depends on it):
     1>Done building target "ComputeCLInputPDBName" in project "Graphics.vcxproj".
       Target "ResolveReferences" skipped. Previously built successfully.
     1>Target "ComputeReferenceCLInput" in file "C:\Program Files (x86)\MSBuild\Microsoft.Cpp\v4.0\V140\Microsoft.CppBuild.targets" from project "C:\Users\u0942900\Desktop\Networking Assignment\Code\Engine\Graphics\Graphics.vcxproj" (target "_ClCompile" depends on it):
       Task "WriteLinesToFile" skipped, due to false condition; (('@(_ReferenceCopyLocalPaths)'!='') and '$(DesignTimeBuild)' != 'true') was evaluated as ((''!='') and '' != 'true').
       Task "Message" skipped, due to false condition; ('$(_REFERENCE_DEBUG)'=='true') was evaluated as (''=='true').
     1>Done building target "ComputeReferenceCLInput" in project "Graphics.vcxproj".
     1>Target "WarnCompileDuplicatedFilename" in file "C:\Program Files (x86)\MSBuild\Microsoft.Cpp\v4.0\V140\Microsoft.CppBuild.targets" from project "C:\Users\u0942900\Desktop\Networking Assignment\Code\Engine\Graphics\Graphics.vcxproj" (target "_ClCompile" depends on it):
       Task "VCMessage" skipped, due to false condition; ('%(ClCompile.ExcludedFromBuild)' != 'true' and '%(Filename)%(Extension)' != '@(ClCompile->'%(Filename)%(Extension)')' and '%(ObjectFileName)' == '@(ClCompile->Metadata(ObjectFileName)->Distinct())') was evaluated as ('' != 'true' and 'Camera.cpp' != 'Camera.cpp' and 'C:\Users\u0942900\Desktop\Networking Assignment\temp\x64\Debug\intermediates\Graphics\' == 'C:\Users\u0942900\Desktop\Networking Assignment\temp\x64\Debug\intermediates\Graphics\').
       Task "VCMessage" skipped, due to false condition; ('%(ClCompile.ExcludedFromBuild)' != 'true' and '%(Filename)%(Extension)' != '@(ClCompile->'%(Filename)%(Extension)')' and '%(ObjectFileName)' == '@(ClCompile->Metadata(ObjectFileName)->Distinct())') was evaluated as ('' != 'true' and 'DebugMenu.cpp' != 'DebugMenu.cpp' and 'C:\Users\u0942900\Desktop\Networking Assignment\temp\x64\Debug\intermediates\Graphics\' == 'C:\Users\u0942900\Desktop\Networking Assignment\temp\x64\Debug\intermediates\Graphics\').
       Task "VCMessage" skipped, due to false condition; ('%(ClCompile.ExcludedFromBuild)' != 'true' and '%(Filename)%(Extension)' != '@(ClCompile->'%(Filename)%(Extension)')' and '%(ObjectFileName)' == '@(ClCompile->Metadata(ObjectFileName)->Distinct())') was evaluated as ('' != 'true' and 'DebugShapes.cpp' != 'DebugShapes.cpp' and 'C:\Users\u0942900\Desktop\Networking Assignment\temp\x64\Debug\intermediates\Graphics\' == 'C:\Users\u0942900\Desktop\Networking Assignment\temp\x64\Debug\intermediates\Graphics\').
       Task "VCMessage" skipped, due to false condition; ('%(ClCompile.ExcludedFromBuild)' != 'true' and '%(Filename)%(Extension)' != '@(ClCompile->'%(Filename)%(Extension)')' and '%(ObjectFileName)' == '@(ClCompile->Metadata(ObjectFileName)->Distinct())') was evaluated as ('' != 'true' and 'Graphics.d3d.cpp' != 'Graphics.d3d.cpp' and 'C:\Users\u0942900\Desktop\Networking Assignment\temp\x64\Debug\intermediates\Graphics\' == 'C:\Users\u0942900\Desktop\Networking Assignment\temp\x64\Debug\intermediates\Graphics\').
       Task "VCMessage" skipped, due to false condition; ('%(ClCompile.ExcludedFromBuild)' != 'true' and '%(Filename)%(Extension)' != '@(ClCompile->'%(Filename)%(Extension)')' and '%(ObjectFileName)' == '@(ClCompile->Metadata(ObjectFileName)->Distinct())') was evaluated as ('' != 'true' and 'Effect.cpp' != 'Effect.cpp' and 'C:\Users\u0942900\Desktop\Networking Assignment\temp\x64\Debug\intermediates\Graphics\' == 'C:\Users\u0942900\Desktop\Networking Assignment\temp\x64\Debug\intermediates\Graphics\').
       Task "VCMessage" skipped, due to false condition; ('%(ClCompile.ExcludedFromBuild)' != 'true' and '%(Filename)%(Extension)' != '@(ClCompile->'%(Filename)%(Extension)')' and '%(ObjectFileName)' == '@(ClCompile->Metadata(ObjectFileName)->Distinct())') was evaluated as ('' != 'true' and 'GameSprite.cpp' != 'GameSprite.cpp' and 'C:\Users\u0942900\Desktop\Networking Assignment\temp\x64\Debug\intermediates\Graphics\' == 'C:\Users\u0942900\Desktop\Networking Assignment\temp\x64\Debug\intermediates\Graphics\').
       Task "VCMessage" skipped, due to false condition; ('%(ClCompile.ExcludedFromBuild)' != 'true' and '%(Filename)%(Extension)' != '@(ClCompile->'%(Filename)%(Extension)')' and '%(ObjectFileName)' == '@(ClCompile->Metadata(ObjectFileName)->Distinct())') was evaluated as ('' != 'true' and 'Graphics.cpp' != 'Graphics.cpp' and 'C:\Users\u0942900\Desktop\Networking Assignment\temp\x64\Debug\intermediates\Graphics\' == 'C:\Users\u0942900\Desktop\Networking Assignment\temp\x64\Debug\intermediates\Graphics\').
       Task "VCMessage" skipped, due to false condition; ('%(ClCompile.ExcludedFromBuild)' != 'true' and '%(Filename)%(Extension)' != '@(ClCompile->'%(Filename)%(Extension)')' and '%(ObjectFileName)' == '@(ClCompile->Metadata(ObjectFileName)->Distinct())') was evaluated as ('' != 'true' and 'GraphicsContext.cpp' != 'GraphicsContext.cpp' and 'C:\Users\u0942900\Desktop\Networking Assignment\temp\x64\Debug\intermediates\Graphics\' == 'C:\Users\u0942900\Desktop\Networking Assignment\temp\x64\Debug\intermediates\Graphics\').
       Task "VCMessage" skipped, due to false condition; ('%(ClCompile.ExcludedFromBuild)' != 'true' and '%(Filename)%(Extension)' != '@(ClCompile->'%(Filename)%(Extension)')' and '%(ObjectFileName)' == '@(ClCompile->Metadata(ObjectFileName)->Distinct())') was evaluated as ('' != 'true' and 'Materials.cpp' != 'Materials.cpp' and 'C:\Users\u0942900\Desktop\Networking Assignment\temp\x64\Debug\intermediates\Graphics\' == 'C:\Users\u0942900\Desktop\Networking Assignment\temp\x64\Debug\intermediates\Graphics\').
       Task "VCMessage" skipped, due to false condition; ('%(ClCompile.ExcludedFromBuild)' != 'true' and '%(Filename)%(Extension)' != '@(ClCompile->'%(Filename)%(Extension)')' and '%(ObjectFileName)' == '@(ClCompile->Metadata(ObjectFileName)->Distinct())') was evaluated as ('' != 'true' and 'Mesh.cpp' != 'Mesh.cpp' and 'C:\Users\u0942900\Desktop\Networking Assignment\temp\x64\Debug\intermediates\Graphics\' == 'C:\Users\u0942900\Desktop\Networking Assignment\temp\x64\Debug\intermediates\Graphics\').
       Task "VCMessage" skipped, due to false condition; ('%(ClCompile.ExcludedFromBuild)' != 'true' and '%(Filename)%(Extension)' != '@(ClCompile->'%(Filename)%(Extension)')' and '%(ObjectFileName)' == '@(ClCompile->Metadata(ObjectFileName)->Distinct())') was evaluated as ('' != 'true' and 'Mesh.d3d.cpp' != 'Mesh.d3d.cpp' and 'C:\Users\u0942900\Desktop\Networking Assignment\temp\x64\Debug\intermediates\Graphics\' == 'C:\Users\u0942900\Desktop\Networking Assignment\temp\x64\Debug\intermediates\Graphics\').
       Task "VCMessage" skipped, due to false condition; ('%(ClCompile.ExcludedFromBuild)' != 'true' and '%(Filename)%(Extension)' != '@(ClCompile->'%(Filename)%(Extension)')' and '%(ObjectFileName)' == '@(ClCompile->Metadata(ObjectFileName)->Distinct())') was evaluated as ('true' != 'true' and 'Mesh.gl.cpp' != 'Mesh.gl.cpp' and 'C:\Users\u0942900\Desktop\Networking Assignment\temp\x64\Debug\intermediates\Graphics\' == 'C:\Users\u0942900\Desktop\Networking Assignment\temp\x64\Debug\intermediates\Graphics\').
       Task "VCMessage" skipped, due to false condition; ('%(ClCompile.ExcludedFromBuild)' != 'true' and '%(Filename)%(Extension)' != '@(ClCompile->'%(Filename)%(Extension)')' and '%(ObjectFileName)' == '@(ClCompile->Metadata(ObjectFileName)->Distinct())') was evaluated as ('true' != 'true' and 'Graphics.gl.cpp' != 'Graphics.gl.cpp' and 'C:\Users\u0942900\Desktop\Networking Assignment\temp\x64\Debug\intermediates\Graphics\' == 'C:\Users\u0942900\Desktop\Networking Assignment\temp\x64\Debug\intermediates\Graphics\').
     1>Done building target "WarnCompileDuplicatedFilename" in project "Graphics.vcxproj".
     1>Target "FixupCLCompileOptions" in file "C:\Program Files (x86)\MSBuild\Microsoft.Cpp\v4.0\V140\Microsoft.CppCommon.targets" from project "C:\Users\u0942900\Desktop\Networking Assignment\Code\Engine\Graphics\Graphics.vcxproj" (target "_ClCompile" depends on it):
     1>Done building target "FixupCLCompileOptions" in project "Graphics.vcxproj".
     1>Target "MakeDirsForCl" in file "C:\Program Files (x86)\MSBuild\Microsoft.Cpp\v4.0\V140\Microsoft.CppBuild.targets" from project "C:\Users\u0942900\Desktop\Networking Assignment\Code\Engine\Graphics\Graphics.vcxproj" (target "_ClCompile" depends on it):
       Task "MakeDir"
       Done executing task "MakeDir".
     1>Done building target "MakeDirsForCl" in project "Graphics.vcxproj".
       Target "PrepareForBuild" skipped. Previously built successfully.
       Target "SetBuildDefaultEnvironmentVariables" skipped. Previously built successfully.
       Target "SetUserMacroEnvironmentVariables" skipped. Previously built successfully.
     1>Target "_SelectedFiles" in file "C:\Program Files (x86)\MSBuild\Microsoft.Cpp\v4.0\V140\Microsoft.CppBuild.targets" from project "C:\Users\u0942900\Desktop\Networking Assignment\Code\Engine\Graphics\Graphics.vcxproj" (target "SelectClCompile" depends on it):
     1>Done building target "_SelectedFiles" in project "Graphics.vcxproj".
       Target "ComputeMIDLGeneratedCompileInputs" skipped. Previously built successfully.
       Target "ComputeCLInputPDBName" skipped. Previously built successfully.
       Target "ComputeReferenceCLInput" skipped. Previously built successfully.
       Target "WarnCompileDuplicatedFilename" skipped. Previously built successfully.
       Target "FixupCLCompileOptions" skipped. Previously built successfully.
       Target "_SelectedFiles" skipped. Previously built successfully.
     1>Target "SelectCustomBuild" in file "C:\Program Files (x86)\MSBuild\Microsoft.Cpp\v4.0\V140\Microsoft.CppBuild.targets" from project "C:\Users\u0942900\Desktop\Networking Assignment\Code\Engine\Graphics\Graphics.vcxproj" (target "SelectClCompile" depends on it):
     1>Done building target "SelectCustomBuild" in project "Graphics.vcxproj".
     1>Target "SelectClCompile" in file "C:\Program Files (x86)\MSBuild\Microsoft.Cpp\v4.0\V140\Microsoft.CppBuild.targets" from project "C:\Users\u0942900\Desktop\Networking Assignment\Code\Engine\Graphics\Graphics.vcxproj" (target "ClCompile" depends on it):
     1>Done building target "SelectClCompile" in project "Graphics.vcxproj".
       Target "GenerateTargetFrameworkMonikerAttribute" skipped, due to false condition; ('$(GenerateTargetFrameworkAttribute)' == 'true') was evaluated as ('false' == 'true').
       Target "ManagedIncrementalBuildPreProcessDependencyGraph" skipped, due to false condition; ('@(ClCompile)' != '' and '$(EnableManagedIncrementalBuild)' == 'True') was evaluated as ('Camera.cpp;DebugMenu.cpp;Direct3D\DebugShapes.cpp;Direct3D\Graphics.d3d.cpp;Effect.cpp;GameSprite.cpp;Graphics.cpp;GraphicsContext.cpp;Materials.cpp;Mesh.cpp;Mesh.d3d.cpp;Mesh.gl.cpp;OpenGL\Graphics.gl.cpp' != '' and 'false' == 'True').
     1>Target "ClCompile" in file "C:\Program Files (x86)\MSBuild\Microsoft.Cpp\v4.0\V140\Microsoft.CppCommon.targets" from project "C:\Users\u0942900\Desktop\Networking Assignment\Code\Engine\Graphics\Graphics.vcxproj" (target "_ClCompile" depends on it):
       Task "Delete" skipped, due to false condition; ('%(ClCompile.DebugInformationFormat)' != '' and '%(ClCompile.DebugInformationFormat)' != 'None' and '%(ClCompile.DebugInformationFormat)' != 'OldStyle' and '%(ClCompile.ProgramDataBaseFileName)' != '' and !Exists(%(ClCompile.ProgramDataBaseFileName))) was evaluated as ('EditAndContinue' != '' and 'EditAndContinue' != 'None' and 'EditAndContinue' != 'OldStyle' and 'C:\Users\u0942900\Desktop\Networking Assignment\temp\x64\Debug\intermediates\Graphics\Graphics.pdb' != '' and !Exists(C:\Users\u0942900\Desktop\Networking Assignment\temp\x64\Debug\intermediates\Graphics\Graphics.pdb)).
       Task "CL" skipped, due to false condition; ('%(ClCompile.PrecompiledHeader)' == 'Create' and '%(ClCompile.ExcludedFromBuild)'!='true' and '%(ClCompile.CompilerIteration)' == '') was evaluated as ('NotUsing' == 'Create' and ''!='true' and '' == '').
       Task "CL" skipped, due to false condition; ('%(ClCompile.PrecompiledHeader)' == 'Create' and '%(ClCompile.ExcludedFromBuild)'!='true' and '%(ClCompile.CompilerIteration)' == '') was evaluated as ('NotUsing' == 'Create' and 'true'!='true' and '' == '').
       Using "CL" task from assembly "C:\Program Files (x86)\MSBuild\Microsoft.Cpp\v4.0\V140\Microsoft.Build.CppTasks.Common.dll".
       Task "CL"
         Read Tracking Logs:
         	C:\Users\u0942900\Desktop\Networking Assignment\temp\x64\Debug\intermediates\Graphics\Graphics.tlog\CL.read.1.tlog
         Outputs for C:\USERS\U0942900\DESKTOP\NETWORKING ASSIGNMENT\CODE\ENGINE\GRAPHICS\CAMERA.CPP|C:\USERS\U0942900\DESKTOP\NETWORKING ASSIGNMENT\CODE\ENGINE\GRAPHICS\DEBUGMENU.CPP|C:\USERS\U0942900\DESKTOP\NETWORKING ASSIGNMENT\CODE\ENGINE\GRAPHICS\DIRECT3D\DEBUGSHAPES.CPP|C:\USERS\U0942900\DESKTOP\NETWORKING ASSIGNMENT\CODE\ENGINE\GRAPHICS\DIRECT3D\GRAPHICS.D3D.CPP|C:\USERS\U0942900\DESKTOP\NETWORKING ASSIGNMENT\CODE\ENGINE\GRAPHICS\EFFECT.CPP|C:\USERS\U0942900\DESKTOP\NETWORKING ASSIGNMENT\CODE\ENGINE\GRAPHICS\GAMESPRITE.CPP|C:\USERS\U0942900\DESKTOP\NETWORKING ASSIGNMENT\CODE\ENGINE\GRAPHICS\GRAPHICS.CPP|C:\USERS\U0942900\DESKTOP\NETWORKING ASSIGNMENT\CODE\ENGINE\GRAPHICS\GRAPHICSCONTEXT.CPP|C:\USERS\U0942900\DESKTOP\NETWORKING ASSIGNMENT\CODE\ENGINE\GRAPHICS\MATERIALS.CPP|C:\USERS\U0942900\DESKTOP\NETWORKING ASSIGNMENT\CODE\ENGINE\GRAPHICS\MESH.CPP|C:\USERS\U0942900\DESKTOP\NETWORKING ASSIGNMENT\CODE\ENGINE\GRAPHICS\MESH.D3D.CPP:
         	C:\USERS\U0942900\DESKTOP\NETWORKING ASSIGNMENT\TEMP\X64\DEBUG\INTERMEDIATES\GRAPHICS\CAMERA.OBJ
         	C:\USERS\U0942900\DESKTOP\NETWORKING ASSIGNMENT\TEMP\X64\DEBUG\INTERMEDIATES\GRAPHICS\DEBUGMENU.OBJ
         	C:\USERS\U0942900\DESKTOP\NETWORKING ASSIGNMENT\TEMP\X64\DEBUG\INTERMEDIATES\GRAPHICS\DEBUGSHAPES.OBJ
         	C:\USERS\U0942900\DESKTOP\NETWORKING ASSIGNMENT\TEMP\X64\DEBUG\INTERMEDIATES\GRAPHICS\GRAPHICS.D3D.OBJ
         	C:\USERS\U0942900\DESKTOP\NETWORKING ASSIGNMENT\TEMP\X64\DEBUG\INTERMEDIATES\GRAPHICS\EFFECT.OBJ
         	C:\USERS\U0942900\DESKTOP\NETWORKING ASSIGNMENT\TEMP\X64\DEBUG\INTERMEDIATES\GRAPHICS\GAMESPRITE.OBJ
         	C:\USERS\U0942900\DESKTOP\NETWORKING ASSIGNMENT\TEMP\X64\DEBUG\INTERMEDIATES\GRAPHICS\GRAPHICS.OBJ
         	C:\USERS\U0942900\DESKTOP\NETWORKING ASSIGNMENT\TEMP\X64\DEBUG\INTERMEDIATES\GRAPHICS\GRAPHICSCONTEXT.OBJ
         	C:\USERS\U0942900\DESKTOP\NETWORKING ASSIGNMENT\TEMP\X64\DEBUG\INTERMEDIATES\GRAPHICS\MATERIALS.OBJ
         	C:\USERS\U0942900\DESKTOP\NETWORKING ASSIGNMENT\TEMP\X64\DEBUG\INTERMEDIATES\GRAPHICS\MESH.OBJ
         	C:\USERS\U0942900\DESKTOP\NETWORKING ASSIGNMENT\TEMP\X64\DEBUG\INTERMEDIATES\GRAPHICS\MESH.D3D.OBJ
         Graphics.cpp will be compiled as C:\Users\u0942900\Desktop\Networking Assignment\Code\Engine\Graphics\Graphics.cpp was modified at 4/13/2016 2:43:44 PM.
         Environment Variables passed to tool:
           VS_UNICODE_OUTPUT=1824
         C:\Program Files (x86)\Microsoft Visual Studio 14.0\VC\bin\x86_amd64\CL.exe /c /I"C:\Program Files (x86)\Microsoft DirectX SDK (June 2010)\Include\\" /ZI /nologo /W1 /WX- /Od /D EAE6320_PLATFORM_D3D /Gm /EHsc /RTC1 /MDd /GS /fp:precise /Zc:wchar_t /Zc:forScope /Zc:inline /Fo"C:\Users\u0942900\Desktop\Networking Assignment\temp\x64\Debug\intermediates\Graphics\\" /Fd"C:\Users\u0942900\Desktop\Networking Assignment\temp\x64\Debug\intermediates\Graphics\Graphics.pdb" /Gd /TP /errorReport:prompt Graphics.cpp
         Tracking command:
         C:\Program Files (x86)\MSBuild\14.0\bin\Tracker.exe /d "C:\Program Files (x86)\MSBuild\14.0\bin\FileTracker.dll" /i "C:\Users\u0942900\Desktop\Networking Assignment\temp\x64\Debug\intermediates\Graphics\Graphics.tlog" /r "C:\USERS\U0942900\DESKTOP\NETWORKING ASSIGNMENT\CODE\ENGINE\GRAPHICS\GRAPHICS.CPP" /b MSBuildConsole_CancelEvented5013c4450f49b2a1ee1d6cc4cc11dc  /c "C:\Program Files (x86)\Microsoft Visual Studio 14.0\VC\bin\x86_amd64\CL.exe"  /c /I"C:\Program Files (x86)\Microsoft DirectX SDK (June 2010)\Include\\" /ZI /nologo /W1 /WX- /Od /D EAE6320_PLATFORM_D3D /Gm /EHsc /RTC1 /MDd /GS /fp:precise /Zc:wchar_t /Zc:forScope /Zc:inline /Fo"C:\Users\u0942900\Desktop\Networking Assignment\temp\x64\Debug\intermediates\Graphics\\" /Fd"C:\Users\u0942900\Desktop\Networking Assignment\temp\x64\Debug\intermediates\Graphics\Graphics.pdb" /Gd /TP /errorReport:prompt Graphics.cpp
         Graphics.cpp
       Done executing task "CL".
       Task "CL" skipped, due to false condition; ('%(ClCompile.PrecompiledHeader)' != 'Create' and '%(ClCompile.ExcludedFromBuild)'!='true' and '%(ClCompile.CompilerIteration)' == '' and @(ClCompile) != '') was evaluated as ('NotUsing' != 'Create' and 'true'!='true' and '' == '' and Mesh.gl.cpp;OpenGL\Graphics.gl.cpp != '').
     1>Done building target "ClCompile" in project "Graphics.vcxproj".
       Target "ManagedIncrementalBuildPostProcessDependencyGraph" skipped, due to false condition; ('@(ClCompile)' != '' and '$(EnableManagedIncrementalBuild)' == 'True') was evaluated as ('Camera.cpp;DebugMenu.cpp;Direct3D\DebugShapes.cpp;Direct3D\Graphics.d3d.cpp;Effect.cpp;GameSprite.cpp;Graphics.cpp;GraphicsContext.cpp;Materials.cpp;Mesh.cpp;Mesh.d3d.cpp;Mesh.gl.cpp;OpenGL\Graphics.gl.cpp' != '' and 'false' == 'True').
     1>Target "AfterClCompile" in file "C:\Program Files (x86)\MSBuild\Microsoft.Cpp\v4.0\V140\Microsoft.CppBuild.targets" from project "C:\Users\u0942900\Desktop\Networking Assignment\Code\Engine\Graphics\Graphics.vcxproj" (target "_ClCompile" depends on it):
     1>Done building target "AfterClCompile" in project "Graphics.vcxproj".
     1>Target "_ClCompile" in file "C:\Program Files (x86)\MSBuild\Microsoft.Cpp\v4.0\V140\Microsoft.CppBuild.targets" from project "C:\Users\u0942900\Desktop\Networking Assignment\Code\Engine\Graphics\Graphics.vcxproj" (target "_BuildCompileAction" depends on it):
     1>Done building target "_ClCompile" in project "Graphics.vcxproj".
       Target "_ResGen" skipped, due to false condition; ('@(EmbeddedResource)'!='') was evaluated as (''!='').
     1>Target "BeforeResourceCompile" in file "C:\Program Files (x86)\MSBuild\Microsoft.Cpp\v4.0\V140\Microsoft.CppBuild.targets" from project "C:\Users\u0942900\Desktop\Networking Assignment\Code\Engine\Graphics\Graphics.vcxproj" (target "_ResourceCompile" depends on it):
     1>Done building target "BeforeResourceCompile" in project "Graphics.vcxproj".
     1>Target "MakeDirsForResourceCompile" in file "C:\Program Files (x86)\MSBuild\Microsoft.Cpp\v4.0\V140\Microsoft.CppBuild.targets" from project "C:\Users\u0942900\Desktop\Networking Assignment\Code\Engine\Graphics\Graphics.vcxproj" (target "_ResourceCompile" depends on it):
       Task "MakeDir"
       Done executing task "MakeDir".
     1>Done building target "MakeDirsForResourceCompile" in project "Graphics.vcxproj".
       Target "ResourceCompile" skipped, due to false condition; ('@(ResourceCompile)' != '') was evaluated as ('' != '').
     1>Target "AfterResourceCompile" in file "C:\Program Files (x86)\MSBuild\Microsoft.Cpp\v4.0\V140\Microsoft.CppBuild.targets" from project "C:\Users\u0942900\Desktop\Networking Assignment\Code\Engine\Graphics\Graphics.vcxproj" (target "_ResourceCompile" depends on it):
     1>Done building target "AfterResourceCompile" in project "Graphics.vcxproj".
     1>Target "_ResourceCompile" in file "C:\Program Files (x86)\MSBuild\Microsoft.Cpp\v4.0\V140\Microsoft.CppBuild.targets" from project "C:\Users\u0942900\Desktop\Networking Assignment\Code\Engine\Graphics\Graphics.vcxproj" (target "_BuildCompileAction" depends on it):
     1>Done building target "_ResourceCompile" in project "Graphics.vcxproj".
       Target "_ImpLib" skipped, due to false condition; ('$(ImpLibCompiled)' == 'true') was evaluated as ('' == 'true').
     1>Target "BeforeLib" in file "C:\Program Files (x86)\MSBuild\Microsoft.Cpp\v4.0\V140\Microsoft.CppBuild.targets" from project "C:\Users\u0942900\Desktop\Networking Assignment\Code\Engine\Graphics\Graphics.vcxproj" (target "_Lib" depends on it):
     1>Done building target "BeforeLib" in project "Graphics.vcxproj".
     1>Target "ComputeLibAdditionalOptions" in file "C:\Program Files (x86)\MSBuild\Microsoft.Cpp\v4.0\V140\Microsoft.CppBuild.targets" from project "C:\Users\u0942900\Desktop\Networking Assignment\Code\Engine\Graphics\Graphics.vcxproj" (target "_Lib" depends on it):
     1>Done building target "ComputeLibAdditionalOptions" in project "Graphics.vcxproj".
     1>Target "ComputeRCOutputs" in file "C:\Program Files (x86)\MSBuild\Microsoft.Cpp\v4.0\V140\Microsoft.CppBuild.targets" from project "C:\Users\u0942900\Desktop\Networking Assignment\Code\Engine\Graphics\Graphics.vcxproj" (target "ComputeRCGeneratedLibInputs" depends on it):
     1>Done building target "ComputeRCOutputs" in project "Graphics.vcxproj".
     1>Target "ComputeRCGeneratedLibInputs" in file "C:\Program Files (x86)\MSBuild\Microsoft.Cpp\v4.0\V140\Microsoft.CppBuild.targets" from project "C:\Users\u0942900\Desktop\Networking Assignment\Code\Engine\Graphics\Graphics.vcxproj" (target "_Lib" depends on it):
     1>Done building target "ComputeRCGeneratedLibInputs" in project "Graphics.vcxproj".
     1>Target "ComputeCustomBuildOutput" in file "C:\Program Files (x86)\MSBuild\Microsoft.Cpp\v4.0\V140\Microsoft.CppBuild.targets" from project "C:\Users\u0942900\Desktop\Networking Assignment\Code\Engine\Graphics\Graphics.vcxproj" (target "_Lib" depends on it):
       Task "CreateItem" skipped, due to false condition; ('%(CustomBuildDirsToMake.OutputFileToTool)'!='') was evaluated as (''!='').
       Task "MakeDir"
       Done executing task "MakeDir".
     1>Done building target "ComputeCustomBuildOutput" in project "Graphics.vcxproj".
       Target "ComputeMIDLGeneratedCompileInputs" skipped. Previously built successfully.
       Target "ComputeCLInputPDBName" skipped. Previously built successfully.
       Target "ComputeReferenceCLInput" skipped. Previously built successfully.
       Target "WarnCompileDuplicatedFilename" skipped. Previously built successfully.
       Target "FixupCLCompileOptions" skipped. Previously built successfully.
     1>Target "ComputeCLOutputs" in file "C:\Program Files (x86)\MSBuild\Microsoft.Cpp\v4.0\V140\Microsoft.CppBuild.targets" from project "C:\Users\u0942900\Desktop\Networking Assignment\Code\Engine\Graphics\Graphics.vcxproj" (target "ComputeCLGeneratedLibInputs" depends on it):
     1>Done building target "ComputeCLOutputs" in project "Graphics.vcxproj".
     1>Target "ComputeCLGeneratedLibInputs" in file "C:\Program Files (x86)\MSBuild\Microsoft.Cpp\v4.0\V140\Microsoft.CppBuild.targets" from project "C:\Users\u0942900\Desktop\Networking Assignment\Code\Engine\Graphics\Graphics.vcxproj" (target "_Lib" depends on it):
     1>Done building target "ComputeCLGeneratedLibInputs" in project "Graphics.vcxproj".
     1>Target "ComputeLibInputsFromProject" in file "C:\Program Files (x86)\MSBuild\Microsoft.Cpp\v4.0\V140\Microsoft.CppBuild.targets" from project "C:\Users\u0942900\Desktop\Networking Assignment\Code\Engine\Graphics\Graphics.vcxproj" (target "_Lib" depends on it):
     1>Done building target "ComputeLibInputsFromProject" in project "Graphics.vcxproj".
       Target "ComputeReferenceLibInputs" skipped, due to false condition; (@(ProjectReference) != '') was evaluated as ( != '').
     1>Target "MakeDirsForLib" in file "C:\Program Files (x86)\MSBuild\Microsoft.Cpp\v4.0\V140\Microsoft.CppBuild.targets" from project "C:\Users\u0942900\Desktop\Networking Assignment\Code\Engine\Graphics\Graphics.vcxproj" (target "_Lib" depends on it):
       Task "MakeDir"
       Done executing task "MakeDir".
     1>Done building target "MakeDirsForLib" in project "Graphics.vcxproj".
     1>Target "DoLibOutputFilesMatch" in file "C:\Program Files (x86)\MSBuild\Microsoft.Cpp\v4.0\V140\Microsoft.CppBuild.targets" from project "C:\Users\u0942900\Desktop\Networking Assignment\Code\Engine\Graphics\Graphics.vcxproj" (target "_Lib" depends on it):
       Task "VCMessage" skipped, due to false condition; ('@(_OutputFileFromLib)' == '') was evaluated as ('C:\Users\u0942900\Desktop\Networking Assignment\temp\x64\Debug\lib\Graphics.lib' == '').
       Task "VCMessage" skipped, due to false condition; ('@(_OutputFileFromLib)' != '' and '%(_OutputFileFromLib.FullPath)' != '$([System.IO.Path]::GetFullPath($(TargetPath)))') was evaluated as ('C:\Users\u0942900\Desktop\Networking Assignment\temp\x64\Debug\lib\Graphics.lib' != '' and 'C:\Users\u0942900\Desktop\Networking Assignment\temp\x64\Debug\lib\Graphics.lib' != 'C:\Users\u0942900\Desktop\Networking Assignment\temp\x64\Debug\lib\Graphics.lib').
       Task "VCMessage" skipped, due to false condition; ('@(_OutputFileFromLib)' != '' and '%(_OutputFileFromLib.Extension)' != '' and '%(_OutputFileFromLib.Extension)' != '$(TargetExt)') was evaluated as ('C:\Users\u0942900\Desktop\Networking Assignment\temp\x64\Debug\lib\Graphics.lib' != '' and '.lib' != '' and '.lib' != '.lib').
       Task "VCMessage" skipped, due to false condition; ('@(_OutputFileFromLib)' != '' and '%(_OutputFileFromLib.Filename)' !=  '' and '%(_OutputFileFromLib.Filename)' != '$(TargetName)') was evaluated as ('C:\Users\u0942900\Desktop\Networking Assignment\temp\x64\Debug\lib\Graphics.lib' != '' and 'Graphics' !=  '' and 'Graphics' != 'Graphics').
     1>Done building target "DoLibOutputFilesMatch" in project "Graphics.vcxproj".
     1>Target "PreLinkEvent" in file "C:\Program Files (x86)\MSBuild\Microsoft.Cpp\v4.0\V140\Microsoft.CppCommon.targets" from project "C:\Users\u0942900\Desktop\Networking Assignment\Code\Engine\Graphics\Graphics.vcxproj" (target "_Lib" depends on it):
       Task "Message" skipped, due to false condition; ('%(PreLinkEvent.Message)' != '' and '%(PreLinkEvent.Command)' != '') was evaluated as ('' != '' and '' != '').
       Task "Exec" skipped, due to false condition; ('%(PreLinkEvent.Command)' != '') was evaluated as ('' != '').
     1>Done building target "PreLinkEvent" in project "Graphics.vcxproj".
     1>Target "Lib" in file "C:\Program Files (x86)\MSBuild\Microsoft.Cpp\v4.0\V140\Microsoft.CppCommon.targets" from project "C:\Users\u0942900\Desktop\Networking Assignment\Code\Engine\Graphics\Graphics.vcxproj" (target "_Lib" depends on it):
       Using "LIB" task from assembly "C:\Program Files (x86)\MSBuild\Microsoft.Cpp\v4.0\V140\Microsoft.Build.CppTasks.Common.dll".
       Task "LIB"
         Write Tracking Logs:
         	C:\Users\u0942900\Desktop\Networking Assignment\temp\x64\Debug\intermediates\Graphics\Graphics.tlog\Lib-link.write.1.tlog
         Read Tracking Logs:
         	C:\Users\u0942900\Desktop\Networking Assignment\temp\x64\Debug\intermediates\Graphics\Graphics.tlog\Lib-link.read.1.tlog
         Outputs for C:\USERS\U0942900\DESKTOP\NETWORKING ASSIGNMENT\TEMP\X64\DEBUG\INTERMEDIATES\GRAPHICS\CAMERA.OBJ|C:\USERS\U0942900\DESKTOP\NETWORKING ASSIGNMENT\TEMP\X64\DEBUG\INTERMEDIATES\GRAPHICS\DEBUGMENU.OBJ|C:\USERS\U0942900\DESKTOP\NETWORKING ASSIGNMENT\TEMP\X64\DEBUG\INTERMEDIATES\GRAPHICS\DEBUGSHAPES.OBJ|C:\USERS\U0942900\DESKTOP\NETWORKING ASSIGNMENT\TEMP\X64\DEBUG\INTERMEDIATES\GRAPHICS\EFFECT.OBJ|C:\USERS\U0942900\DESKTOP\NETWORKING ASSIGNMENT\TEMP\X64\DEBUG\INTERMEDIATES\GRAPHICS\GAMESPRITE.OBJ|C:\USERS\U0942900\DESKTOP\NETWORKING ASSIGNMENT\TEMP\X64\DEBUG\INTERMEDIATES\GRAPHICS\GRAPHICS.D3D.OBJ|C:\USERS\U0942900\DESKTOP\NETWORKING ASSIGNMENT\TEMP\X64\DEBUG\INTERMEDIATES\GRAPHICS\GRAPHICS.OBJ|C:\USERS\U0942900\DESKTOP\NETWORKING ASSIGNMENT\TEMP\X64\DEBUG\INTERMEDIATES\GRAPHICS\GRAPHICSCONTEXT.OBJ|C:\USERS\U0942900\DESKTOP\NETWORKING ASSIGNMENT\TEMP\X64\DEBUG\INTERMEDIATES\GRAPHICS\MATERIALS.OBJ|C:\USERS\U0942900\DESKTOP\NETWORKING ASSIGNMENT\TEMP\X64\DEBUG\INTERMEDIATES\GRAPHICS\MESH.D3D.OBJ|C:\USERS\U0942900\DESKTOP\NETWORKING ASSIGNMENT\TEMP\X64\DEBUG\INTERMEDIATES\GRAPHICS\MESH.OBJ:
         	C:\USERS\U0942900\DESKTOP\NETWORKING ASSIGNMENT\TEMP\X64\DEBUG\LIB\GRAPHICS.LIB
         Inputs for C:\USERS\U0942900\DESKTOP\NETWORKING ASSIGNMENT\TEMP\X64\DEBUG\INTERMEDIATES\GRAPHICS\CAMERA.OBJ|C:\USERS\U0942900\DESKTOP\NETWORKING ASSIGNMENT\TEMP\X64\DEBUG\INTERMEDIATES\GRAPHICS\DEBUGMENU.OBJ|C:\USERS\U0942900\DESKTOP\NETWORKING ASSIGNMENT\TEMP\X64\DEBUG\INTERMEDIATES\GRAPHICS\DEBUGSHAPES.OBJ|C:\USERS\U0942900\DESKTOP\NETWORKING ASSIGNMENT\TEMP\X64\DEBUG\INTERMEDIATES\GRAPHICS\EFFECT.OBJ|C:\USERS\U0942900\DESKTOP\NETWORKING ASSIGNMENT\TEMP\X64\DEBUG\INTERMEDIATES\GRAPHICS\GAMESPRITE.OBJ|C:\USERS\U0942900\DESKTOP\NETWORKING ASSIGNMENT\TEMP\X64\DEBUG\INTERMEDIATES\GRAPHICS\GRAPHICS.D3D.OBJ|C:\USERS\U0942900\DESKTOP\NETWORKING ASSIGNMENT\TEMP\X64\DEBUG\INTERMEDIATES\GRAPHICS\GRAPHICS.OBJ|C:\USERS\U0942900\DESKTOP\NETWORKING ASSIGNMENT\TEMP\X64\DEBUG\INTERMEDIATES\GRAPHICS\GRAPHICSCONTEXT.OBJ|C:\USERS\U0942900\DESKTOP\NETWORKING ASSIGNMENT\TEMP\X64\DEBUG\INTERMEDIATES\GRAPHICS\MATERIALS.OBJ|C:\USERS\U0942900\DESKTOP\NETWORKING ASSIGNMENT\TEMP\X64\DEBUG\INTERMEDIATES\GRAPHICS\MESH.D3D.OBJ|C:\USERS\U0942900\DESKTOP\NETWORKING ASSIGNMENT\TEMP\X64\DEBUG\INTERMEDIATES\GRAPHICS\MESH.OBJ:
         	C:\WINDOWS\GLOBALIZATION\SORTING\SORTDEFAULT.NLS
         	C:\USERS\U0942900\DESKTOP\NETWORKING ASSIGNMENT\TEMP\X64\DEBUG\LIB\WINDOWS.LIB
         	C:\WINDOWS\SYSTEM32\TZRES.DLL
         	C:\PROGRAM FILES (X86)\MICROSOFT DIRECTX SDK (JUNE 2010)\LIB\X64\D3D9.LIB
         	C:\PROGRAM FILES (X86)\MICROSOFT DIRECTX SDK (JUNE 2010)\LIB\X64\D3DX9.LIB
         	C:\USERS\U0942900\DESKTOP\NETWORKING ASSIGNMENT\TEMP\X64\DEBUG\LIB\LUA.LIB
         	C:\USERS\U0942900\DESKTOP\NETWORKING ASSIGNMENT\TEMP\X64\DEBUG\LIB\USEROUTPUT.LIB
         	C:\USERS\U0942900\DESKTOP\NETWORKING ASSIGNMENT\TEMP\X64\DEBUG\INTERMEDIATES\GRAPHICS\CAMERA.OBJ
         	C:\USERS\U0942900\DESKTOP\NETWORKING ASSIGNMENT\TEMP\X64\DEBUG\INTERMEDIATES\GRAPHICS\DEBUGMENU.OBJ
         	C:\USERS\U0942900\DESKTOP\NETWORKING ASSIGNMENT\TEMP\X64\DEBUG\INTERMEDIATES\GRAPHICS\DEBUGSHAPES.OBJ
         	C:\USERS\U0942900\DESKTOP\NETWORKING ASSIGNMENT\TEMP\X64\DEBUG\INTERMEDIATES\GRAPHICS\GRAPHICS.D3D.OBJ
         	C:\USERS\U0942900\DESKTOP\NETWORKING ASSIGNMENT\TEMP\X64\DEBUG\INTERMEDIATES\GRAPHICS\EFFECT.OBJ
         	C:\USERS\U0942900\DESKTOP\NETWORKING ASSIGNMENT\TEMP\X64\DEBUG\INTERMEDIATES\GRAPHICS\GAMESPRITE.OBJ
         	C:\USERS\U0942900\DESKTOP\NETWORKING ASSIGNMENT\TEMP\X64\DEBUG\INTERMEDIATES\GRAPHICS\GRAPHICS.OBJ
         	C:\USERS\U0942900\DESKTOP\NETWORKING ASSIGNMENT\TEMP\X64\DEBUG\INTERMEDIATES\GRAPHICS\GRAPHICSCONTEXT.OBJ
         	C:\USERS\U0942900\DESKTOP\NETWORKING ASSIGNMENT\TEMP\X64\DEBUG\INTERMEDIATES\GRAPHICS\MATERIALS.OBJ
         	C:\USERS\U0942900\DESKTOP\NETWORKING ASSIGNMENT\TEMP\X64\DEBUG\INTERMEDIATES\GRAPHICS\MESH.OBJ
         	C:\USERS\U0942900\DESKTOP\NETWORKING ASSIGNMENT\TEMP\X64\DEBUG\INTERMEDIATES\GRAPHICS\MESH.D3D.OBJ
         Source compilation required: input C:\USERS\U0942900\DESKTOP\NETWORKING ASSIGNMENT\TEMP\X64\DEBUG\INTERMEDIATES\GRAPHICS\GRAPHICS.OBJ is newer than output C:\USERS\U0942900\DESKTOP\NETWORKING ASSIGNMENT\TEMP\X64\DEBUG\LIB\GRAPHICS.LIB.
         C:\Program Files (x86)\Microsoft Visual Studio 14.0\VC\bin\x86_amd64\Lib.exe /OUT:"C:\Users\u0942900\Desktop\Networking Assignment\temp\x64\Debug\lib\Graphics.lib" Windows.lib d3d9.lib D3dx9.lib Lua.lib UserOutput.lib /LIBPATH:"C:\Program Files (x86)\Microsoft DirectX SDK (June 2010)\Lib\x64\\" /LIBPATH:"C:\Program Files (x86)\Microsoft DirectX SDK (June 2010)\Include" /LIBPATH:"C:\Users\u0942900\Desktop\Networking Assignment\temp\x64\Debug\lib\\" /NOLOGO /MACHINE:X64 /ignore:4006,4221 "C:\Users\u0942900\Desktop\Networking Assignment\temp\x64\Debug\intermediates\Graphics\Camera.obj"
         "C:\Users\u0942900\Desktop\Networking Assignment\temp\x64\Debug\intermediates\Graphics\DebugMenu.obj"
         "C:\Users\u0942900\Desktop\Networking Assignment\temp\x64\Debug\intermediates\Graphics\DebugShapes.obj"
         "C:\Users\u0942900\Desktop\Networking Assignment\temp\x64\Debug\intermediates\Graphics\Graphics.d3d.obj"
         "C:\Users\u0942900\Desktop\Networking Assignment\temp\x64\Debug\intermediates\Graphics\Effect.obj"
         "C:\Users\u0942900\Desktop\Networking Assignment\temp\x64\Debug\intermediates\Graphics\GameSprite.obj"
         "C:\Users\u0942900\Desktop\Networking Assignment\temp\x64\Debug\intermediates\Graphics\Graphics.obj"
         "C:\Users\u0942900\Desktop\Networking Assignment\temp\x64\Debug\intermediates\Graphics\GraphicsContext.obj"
         "C:\Users\u0942900\Desktop\Networking Assignment\temp\x64\Debug\intermediates\Graphics\Materials.obj"
         "C:\Users\u0942900\Desktop\Networking Assignment\temp\x64\Debug\intermediates\Graphics\Mesh.obj"
         "C:\Users\u0942900\Desktop\Networking Assignment\temp\x64\Debug\intermediates\Graphics\Mesh.d3d.obj"
         Tracking command:
         C:\Program Files (x86)\MSBuild\14.0\bin\Tracker.exe /d "C:\Program Files (x86)\MSBuild\14.0\bin\FileTracker.dll" /i "C:\Users\u0942900\Desktop\Networking Assignment\temp\x64\Debug\intermediates\Graphics\Graphics.tlog" /r "C:\USERS\U0942900\DESKTOP\NETWORKING ASSIGNMENT\TEMP\X64\DEBUG\INTERMEDIATES\GRAPHICS\CAMERA.OBJ|C:\USERS\U0942900\DESKTOP\NETWORKING ASSIGNMENT\TEMP\X64\DEBUG\INTERMEDIATES\GRAPHICS\DEBUGMENU.OBJ|C:\USERS\U0942900\DESKTOP\NETWORKING ASSIGNMENT\TEMP\X64\DEBUG\INTERMEDIATES\GRAPHICS\DEBUGSHAPES.OBJ|C:\USERS\U0942900\DESKTOP\NETWORKING ASSIGNMENT\TEMP\X64\DEBUG\INTERMEDIATES\GRAPHICS\EFFECT.OBJ|C:\USERS\U0942900\DESKTOP\NETWORKING ASSIGNMENT\TEMP\X64\DEBUG\INTERMEDIATES\GRAPHICS\GAMESPRITE.OBJ|C:\USERS\U0942900\DESKTOP\NETWORKING ASSIGNMENT\TEMP\X64\DEBUG\INTERMEDIATES\GRAPHICS\GRAPHICS.D3D.OBJ|C:\USERS\U0942900\DESKTOP\NETWORKING ASSIGNMENT\TEMP\X64\DEBUG\INTERMEDIATES\GRAPHICS\GRAPHICS.OBJ|C:\USERS\U0942900\DESKTOP\NETWORKING ASSIGNMENT\TEMP\X64\DEBUG\INTERMEDIATES\GRAPHICS\GRAPHICSCONTEXT.OBJ|C:\USERS\U0942900\DESKTOP\NETWORKING ASSIGNMENT\TEMP\X64\DEBUG\INTERMEDIATES\GRAPHICS\MATERIALS.OBJ|C:\USERS\U0942900\DESKTOP\NETWORKING ASSIGNMENT\TEMP\X64\DEBUG\INTERMEDIATES\GRAPHICS\MESH.D3D.OBJ|C:\USERS\U0942900\DESKTOP\NETWORKING ASSIGNMENT\TEMP\X64\DEBUG\INTERMEDIATES\GRAPHICS\MESH.OBJ" /b MSBuildConsole_CancelEventf6c0166019ec42298a54566742404d9a  /c "C:\Program Files (x86)\Microsoft Visual Studio 14.0\VC\bin\x86_amd64\Lib.exe"  /OUT:"C:\Users\u0942900\Desktop\Networking Assignment\temp\x64\Debug\lib\Graphics.lib" Windows.lib d3d9.lib D3dx9.lib Lua.lib UserOutput.lib /LIBPATH:"C:\Program Files (x86)\Microsoft DirectX SDK (June 2010)\Lib\x64\\" /LIBPATH:"C:\Program Files (x86)\Microsoft DirectX SDK (June 2010)\Include" /LIBPATH:"C:\Users\u0942900\Desktop\Networking Assignment\temp\x64\Debug\lib\\" /NOLOGO /MACHINE:X64 /ignore:4006,4221 "C:\Users\u0942900\Desktop\Networking Assignment\temp\x64\Debug\intermediates\Graphics\Camera.obj"
         "C:\Users\u0942900\Desktop\Networking Assignment\temp\x64\Debug\intermediates\Graphics\DebugMenu.obj"
         "C:\Users\u0942900\Desktop\Networking Assignment\temp\x64\Debug\intermediates\Graphics\DebugShapes.obj"
         "C:\Users\u0942900\Desktop\Networking Assignment\temp\x64\Debug\intermediates\Graphics\Graphics.d3d.obj"
         "C:\Users\u0942900\Desktop\Networking Assignment\temp\x64\Debug\intermediates\Graphics\Effect.obj"
         "C:\Users\u0942900\Desktop\Networking Assignment\temp\x64\Debug\intermediates\Graphics\GameSprite.obj"
         "C:\Users\u0942900\Desktop\Networking Assignment\temp\x64\Debug\intermediates\Graphics\Graphics.obj"
         "C:\Users\u0942900\Desktop\Networking Assignment\temp\x64\Debug\intermediates\Graphics\GraphicsContext.obj"
         "C:\Users\u0942900\Desktop\Networking Assignment\temp\x64\Debug\intermediates\Graphics\Materials.obj"
         "C:\Users\u0942900\Desktop\Networking Assignment\temp\x64\Debug\intermediates\Graphics\Mesh.obj"
         "C:\Users\u0942900\Desktop\Networking Assignment\temp\x64\Debug\intermediates\Graphics\Mesh.d3d.obj"
       Done executing task "LIB".
       Task "Message"
         Graphics.vcxproj -> C:\Users\u0942900\Desktop\Networking Assignment\temp\x64\Debug\lib\Graphics.lib
       Done executing task "Message".
     1>Done building target "Lib" in project "Graphics.vcxproj".
     1>Target "AfterLib" in file "C:\Program Files (x86)\MSBuild\Microsoft.Cpp\v4.0\V140\Microsoft.CppBuild.targets" from project "C:\Users\u0942900\Desktop\Networking Assignment\Code\Engine\Graphics\Graphics.vcxproj" (target "_Lib" depends on it):
     1>Done building target "AfterLib" in project "Graphics.vcxproj".
     1>Target "_Lib" in file "C:\Program Files (x86)\MSBuild\Microsoft.Cpp\v4.0\V140\Microsoft.CppBuild.targets" from project "C:\Users\u0942900\Desktop\Networking Assignment\Code\Engine\Graphics\Graphics.vcxproj" (target "_BuildCompileAction" depends on it):
     1>Done building target "_Lib" in project "Graphics.vcxproj".
     1>Target "AfterBuildCompileEvent" in file "C:\Program Files (x86)\MSBuild\Microsoft.Cpp\v4.0\V140\Microsoft.CppBuild.targets" from project "C:\Users\u0942900\Desktop\Networking Assignment\Code\Engine\Graphics\Graphics.vcxproj" (target "_BuildCompileAction" depends on it):
     1>Done building target "AfterBuildCompileEvent" in project "Graphics.vcxproj".
     1>Target "_BuildCompileAction" in file "C:\Program Files (x86)\MSBuild\Microsoft.Cpp\v4.0\V140\Microsoft.CppBuild.targets" from project "C:\Users\u0942900\Desktop\Networking Assignment\Code\Engine\Graphics\Graphics.vcxproj" (target "BuildCompile" depends on it):
     1>Done building target "_BuildCompileAction" in project "Graphics.vcxproj".
     1>Target "BuildCompile" in file "C:\Program Files (x86)\MSBuild\14.0\bin\Microsoft.Common.CurrentVersion.targets" from project "C:\Users\u0942900\Desktop\Networking Assignment\Code\Engine\Graphics\Graphics.vcxproj" (target "Build" depends on it):
     1>Done building target "BuildCompile" in project "Graphics.vcxproj".
       Target "AssignProjectConfiguration" skipped. Previously built successfully.
       Target "_SplitProjectReferencesByFileExistence" skipped. Previously built successfully.
     1>Target "BuildLinkTraverse" in file "C:\Program Files (x86)\MSBuild\14.0\bin\Microsoft.Common.CurrentVersion.targets" from project "C:\Users\u0942900\Desktop\Networking Assignment\Code\Engine\Graphics\Graphics.vcxproj" (target "BuildLink" depends on it):
       Task "MSBuild" skipped, due to false condition; ('$(BuildPassReferences)' == 'true' and '@(ProjectReferenceWithConfiguration)' != '' and '@(_MSBuildProjectReferenceExistent)' != ''  and '%(_MSBuildProjectReferenceExistent.BuildReference)' == 'true') was evaluated as ('' == 'true' and '' != '' and '' != ''  and '' == 'true').
     1>Done building target "BuildLinkTraverse" in project "Graphics.vcxproj".
       Target "PrepareForBuild" skipped. Previously built successfully.
       Target "ResolveReferences" skipped. Previously built successfully.
     1>Target "ComputeLegacyManifestEmbedding" in file "C:\Program Files (x86)\MSBuild\Microsoft.Cpp\v4.0\V140\Microsoft.CppBuild.targets" from project "C:\Users\u0942900\Desktop\Networking Assignment\Code\Engine\Graphics\Graphics.vcxproj" (target "_BuildLinkAction" depends on it):
       Task "VCMessage" skipped, due to false condition; ('$(RevertManifestEmbedding)' == 'true' and '$(_LegacyManifestEmbeddingDebug)' == 'true') was evaluated as ('' == 'true' and '' == 'true').
     1>Done building target "ComputeLegacyManifestEmbedding" in project "Graphics.vcxproj".
       Target "_Link" skipped, due to false condition; ('$(LinkCompiled)' == 'true') was evaluated as ('' == 'true').
     1>Target "_ALink" in file "C:\Program Files (x86)\MSBuild\Microsoft.Cpp\v4.0\V140\Microsoft.CppBuild.targets" from project "C:\Users\u0942900\Desktop\Networking Assignment\Code\Engine\Graphics\Graphics.vcxproj" (target "_BuildLinkAction" depends on it):
     1>Done building target "_ALink" in project "Graphics.vcxproj".
       Target "ComputeLegacyManifestEmbedding" skipped. Previously built successfully.
     1>Target "_Manifest" in file "C:\Program Files (x86)\MSBuild\Microsoft.Cpp\v4.0\V140\Microsoft.CppBuild.targets" from project "C:\Users\u0942900\Desktop\Networking Assignment\Code\Engine\Graphics\Graphics.vcxproj" (target "_BuildLinkAction" depends on it):
       Task "CallTarget" skipped, due to false condition; ('$(LegacyManifestEmbedding)' == 'true') was evaluated as ('' == 'true').
     1>Done building target "_Manifest" in project "Graphics.vcxproj".
     1>Target "RegisterOutput" in file "C:\Program Files (x86)\MSBuild\Microsoft.Cpp\v4.0\V140\Microsoft.CppCommon.targets" from project "C:\Users\u0942900\Desktop\Networking Assignment\Code\Engine\Graphics\Graphics.vcxproj" (target "_BuildLinkAction" depends on it):
       Task "Exec" skipped, due to false condition; ('$(ConfigurationType)'=='DynamicLibrary' and '%(Link.RegisterOutput)'=='true' and '%(Link.PerUserRedirection)'!='true') was evaluated as ('StaticLibrary'=='DynamicLibrary' and ''=='true' and ''!='true').
       Task "Exec" skipped, due to false condition; ('$(ConfigurationType)'=='DynamicLibrary' and '%(Link.RegisterOutput)'=='true' and '%(Link.PerUserRedirection)'=='true') was evaluated as ('StaticLibrary'=='DynamicLibrary' and ''=='true' and ''=='true').
       Task "Exec" skipped, due to false condition; ('$(ConfigurationType)'=='Application' and '%(Link.RegisterOutput)'=='true' and '%(Link.PerUserRedirection)'!='true') was evaluated as ('StaticLibrary'=='Application' and ''=='true' and ''!='true').
       Task "Exec" skipped, due to false condition; ('$(ConfigurationType)'=='Application' and '%(Link.RegisterOutput)'=='true' and '%(Link.PerUserRedirection)'=='true') was evaluated as ('StaticLibrary'=='Application' and ''=='true' and ''=='true').
       Task "VCMessage" skipped, due to false condition; ('$(_RegisterOutputExitCode)' != '' and '$(_RegisterOutputExitCode)' != '0') was evaluated as ('' != '' and '' != '0').
     1>Done building target "RegisterOutput" in project "Graphics.vcxproj".
       Target "PrepareForBuild" skipped. Previously built successfully.
       Target "ResolveReferences" skipped. Previously built successfully.
     1>Target "ResolvedXDCMake" in file "C:\Program Files (x86)\MSBuild\Microsoft.Cpp\v4.0\V140\Microsoft.CppBuild.targets" from project "C:\Users\u0942900\Desktop\Networking Assignment\Code\Engine\Graphics\Graphics.vcxproj" (target "_XdcMake" depends on it):
       Task "MSBuild" skipped, due to false condition; ('%(_MSBuildProjectReferenceExistent.Extension)' == '.vcxproj' and '@(ProjectReferenceWithConfiguration)' != '' and '@(_MSBuildProjectReferenceExistent)' != '' and '$(_ClCompileGenerateXMLDocumentationFiles)' == 'true') was evaluated as ('' == '.vcxproj' and '' != '' and '' != '' and '' == 'true').
     1>Done building target "ResolvedXDCMake" in project "Graphics.vcxproj".
     1>Target "ComputeCLCompileGeneratedXDCFiles" in file "C:\Program Files (x86)\MSBuild\Microsoft.Cpp\v4.0\V140\Microsoft.CppBuild.targets" from project "C:\Users\u0942900\Desktop\Networking Assignment\Code\Engine\Graphics\Graphics.vcxproj" (target "_XdcMake" depends on it):
     1>Done building target "ComputeCLCompileGeneratedXDCFiles" in project "Graphics.vcxproj".
     1>Target "MakeDirsForXdcMake" in file "C:\Program Files (x86)\MSBuild\Microsoft.Cpp\v4.0\V140\Microsoft.CppBuild.targets" from project "C:\Users\u0942900\Desktop\Networking Assignment\Code\Engine\Graphics\Graphics.vcxproj" (target "_XdcMake" depends on it):
       Task "MakeDir"
       Done executing task "MakeDir".
     1>Done building target "MakeDirsForXdcMake" in project "Graphics.vcxproj".
       Target "XdcMake" skipped, due to false condition; ('@(XdcMake)' != '') was evaluated as ('' != '').
     1>Target "_XdcMake" in file "C:\Program Files (x86)\MSBuild\Microsoft.Cpp\v4.0\V140\Microsoft.CppBuild.targets" from project "C:\Users\u0942900\Desktop\Networking Assignment\Code\Engine\Graphics\Graphics.vcxproj" (target "_BuildLinkAction" depends on it):
     1>Done building target "_XdcMake" in project "Graphics.vcxproj".
     1>Target "ComputeCLCompileGeneratedSbrFiles" in file "C:\Program Files (x86)\MSBuild\Microsoft.Cpp\v4.0\V140\Microsoft.CppBuild.targets" from project "C:\Users\u0942900\Desktop\Networking Assignment\Code\Engine\Graphics\Graphics.vcxproj" (target "_BscMake" depends on it):
     1>Done building target "ComputeCLCompileGeneratedSbrFiles" in project "Graphics.vcxproj".
     1>Target "MakeDirsForBscMake" in file "C:\Program Files (x86)\MSBuild\Microsoft.Cpp\v4.0\V140\Microsoft.CppBuild.targets" from project "C:\Users\u0942900\Desktop\Networking Assignment\Code\Engine\Graphics\Graphics.vcxproj" (target "_BscMake" depends on it):
       Task "MakeDir"
       Done executing task "MakeDir".
     1>Done building target "MakeDirsForBscMake" in project "Graphics.vcxproj".
       Target "BscMake" skipped, due to false condition; ('@(BscMake)' != '') was evaluated as ('' != '').
       Target "CustomBuildStep" skipped, due to false condition; ('@(CustomBuildStep)' != '' and '$(SelectedFiles)'=='') was evaluated as ('' != '' and ''=='').
     1>Target "_BscMake" in file "C:\Program Files (x86)\MSBuild\Microsoft.Cpp\v4.0\V140\Microsoft.CppBuild.targets" from project "C:\Users\u0942900\Desktop\Networking Assignment\Code\Engine\Graphics\Graphics.vcxproj" (target "_BuildLinkAction" depends on it):
     1>Done building target "_BscMake" in project "Graphics.vcxproj".
       Target "RunMergeNativeCodeAnalysis" skipped, due to false condition; ('$(Language)'=='C++' and '$(RunCodeAnalysisOnThisProject)'=='true') was evaluated as ('C++'=='C++' and ''=='true').
       Target "RunNativeCodeAnalysis" skipped, due to false condition; ('$(Language)'=='C++' and '$(RunCodeAnalysisOnThisProject)'=='true') was evaluated as ('C++'=='C++' and ''=='true').
     1>Target "_GenerateSatelliteAssemblyInputs" in file "C:\Program Files (x86)\MSBuild\14.0\bin\Microsoft.Common.CurrentVersion.targets" from project "C:\Users\u0942900\Desktop\Networking Assignment\Code\Engine\Graphics\Graphics.vcxproj" (target "CreateSatelliteAssemblies" depends on it):
       Task "Warning" skipped, due to false condition; ('@(ManifestResourceWithCulture)'!='' and '%(ManifestResourceWithCulture.EmittedForCompatibilityOnly)'=='') was evaluated as (''!='' and ''=='').
       Task "Warning" skipped, due to false condition; ('@(ManifestNonResxWithCultureOnDisk)'!='' and '%(ManifestNonResxWithCultureOnDisk.EmittedForCompatibilityOnly)'=='') was evaluated as (''!='' and ''=='').
     1>Done building target "_GenerateSatelliteAssemblyInputs" in project "Graphics.vcxproj".
       Target "ComputeIntermediateSatelliteAssemblies" skipped, due to false condition; (@(ReferenceSatellitePaths->'%(DestinationSubDirectory)') != '') was evaluated as ( != '').
       Target "GenerateSatelliteAssemblies" skipped, due to false condition; ('@(_SatelliteAssemblyResourceInputs)' != '') was evaluated as ('' != '').
     1>Target "CreateSatelliteAssemblies" in file "C:\Program Files (x86)\MSBuild\14.0\bin\Microsoft.Common.CurrentVersion.targets" from project "C:\Users\u0942900\Desktop\Networking Assignment\Code\Engine\Graphics\Graphics.vcxproj" (target "_BuildLinkAction" depends on it):
     1>Done building target "CreateSatelliteAssemblies" in project "Graphics.vcxproj".
     1>Target "_Appverifier" in file "C:\Program Files (x86)\MSBuild\Microsoft.Cpp\v4.0\V140\Microsoft.CppBuild.targets" from project "C:\Users\u0942900\Desktop\Networking Assignment\Code\Engine\Graphics\Graphics.vcxproj" (target "_BuildLinkAction" depends on it):
     1>Done building target "_Appverifier" in project "Graphics.vcxproj".
     1>Target "_Deploy" in file "C:\Program Files (x86)\MSBuild\Microsoft.Cpp\v4.0\V140\Microsoft.CppBuild.targets" from project "C:\Users\u0942900\Desktop\Networking Assignment\Code\Engine\Graphics\Graphics.vcxproj" (target "_BuildLinkAction" depends on it):
     1>Done building target "_Deploy" in project "Graphics.vcxproj".
       Target "ComputeIntermediateSatelliteAssemblies" skipped, due to false condition; (@(ReferenceSatellitePaths->'%(DestinationSubDirectory)') != '') was evaluated as ( != '').
       Target "_CopyFilesMarkedCopyLocal" skipped, due to false condition; ('@(ReferenceCopyLocalPaths)' != '') was evaluated as ('' != '').
     1>Target "AssignTargetPaths" in file "C:\Program Files (x86)\MSBuild\14.0\bin\Microsoft.Common.CurrentVersion.targets" from project "C:\Users\u0942900\Desktop\Networking Assignment\Code\Engine\Graphics\Graphics.vcxproj" (target "GetCopyToOutputDirectoryItems" depends on it):
       Using "AssignTargetPath" task from assembly "Microsoft.Build.Tasks.Core, Version=14.0.0.0, Culture=neutral, PublicKeyToken=b03f5f7f11d50a3a".
       Task "AssignTargetPath"
       Done executing task "AssignTargetPath".
       Task "AssignTargetPath"
       Done executing task "AssignTargetPath".
       Task "AssignTargetPath"
       Done executing task "AssignTargetPath".
       Task "AssignTargetPath"
       Done executing task "AssignTargetPath".
       Task "AssignTargetPath" skipped, due to false condition; ('@(_DeploymentBaseManifestWithTargetPath)'=='' and '%(None.Extension)'=='.manifest') was evaluated as (''=='' and '.lua'=='.manifest').
     1>Done building target "AssignTargetPaths" in project "Graphics.vcxproj".
       Target "_SplitProjectReferencesByFileExistence" skipped. Previously built successfully.
     1>Target "GetCopyToOutputDirectoryXamlAppDefs" in file "C:\Windows\Microsoft.NET\Framework\v4.0.30319\Microsoft.Xaml.targets" from project "C:\Users\u0942900\Desktop\Networking Assignment\Code\Engine\Graphics\Graphics.vcxproj" (target "GetCopyToOutputDirectoryItems" depends on it):
       Task "AssignTargetPath"
       Done executing task "AssignTargetPath".
     1>Done building target "GetCopyToOutputDirectoryXamlAppDefs" in project "Graphics.vcxproj".
     1>Target "GetCopyToOutputDirectoryItems" in file "C:\Program Files (x86)\MSBuild\14.0\bin\Microsoft.Common.CurrentVersion.targets" from project "C:\Users\u0942900\Desktop\Networking Assignment\Code\Engine\Graphics\Graphics.vcxproj" (target "_CopySourceItemsToOutputDirectory" depends on it):
       Task "MSBuild" skipped, due to false condition; ('@(_MSBuildProjectReferenceExistent)' != '' and '$(_GetChildProjectCopyToOutputDirectoryItems)' == 'true' and '%(_MSBuildProjectReferenceExistent.Private)' != 'false' and '$(UseCommonOutputDirectory)' != 'true') was evaluated as ('' != '' and 'true' == 'true' and '' != 'false' and 'false' != 'true').
       Task "AssignTargetPath"
       Done executing task "AssignTargetPath".
     1>Done building target "GetCopyToOutputDirectoryItems" in project "Graphics.vcxproj".
       Target "_CopyOutOfDateSourceItemsToOutputDirectory" skipped, due to false condition; ( '@(_SourceItemsToCopyToOutputDirectory)' != '' ) was evaluated as ( '' != '' ).
       Target "_CopyOutOfDateSourceItemsToOutputDirectoryAlways" skipped, due to false condition; ( '@(_SourceItemsToCopyToOutputDirectoryAlways)' != '' ) was evaluated as ( '' != '' ).
     1>Target "_CopySourceItemsToOutputDirectory" in file "C:\Program Files (x86)\MSBuild\14.0\bin\Microsoft.Common.CurrentVersion.targets" from project "C:\Users\u0942900\Desktop\Networking Assignment\Code\Engine\Graphics\Graphics.vcxproj" (target "CopyFilesToOutputDirectory" depends on it):
     1>Done building target "_CopySourceItemsToOutputDirectory" in project "Graphics.vcxproj".
       Target "_CopyAppConfigFile" skipped, due to false condition; ( '@(AppConfigWithTargetPath)' != '' ) was evaluated as ( '' != '' ).
       Target "_CopyManifestFiles" skipped, due to false condition; ( '$(_DeploymentCopyApplicationManifest)'=='true' or '$(GenerateClickOnceManifests)'=='true' ) was evaluated as ( ''=='true' or ''=='true' ).
     1>Target "_CheckForCompileOutputs" in file "C:\Program Files (x86)\MSBuild\14.0\bin\Microsoft.Common.CurrentVersion.targets" from project "C:\Users\u0942900\Desktop\Networking Assignment\Code\Engine\Graphics\Graphics.vcxproj" (target "CopyFilesToOutputDirectory" depends on it):
     1>Done building target "_CheckForCompileOutputs" in project "Graphics.vcxproj".
       Target "_SGenCheckForOutputs" skipped, due to false condition; ('$(_SGenGenerateSerializationAssembliesConfig)' == 'On' or ('@(WebReferenceUrl)'!='' and '$(_SGenGenerateSerializationAssembliesConfig)' == 'Auto')) was evaluated as ('Off' == 'On' or (''!='' and 'Off' == 'Auto')).
     1>Target "CopyFilesToOutputDirectory" in file "C:\Program Files (x86)\MSBuild\14.0\bin\Microsoft.Common.CurrentVersion.targets" from project "C:\Users\u0942900\Desktop\Networking Assignment\Code\Engine\Graphics\Graphics.vcxproj" (target "PrepareForRun" depends on it):
       Task "Copy" skipped, due to false condition; ('$(CopyBuildOutputToOutputDirectory)' == 'true' and '$(SkipCopyBuildProduct)' != 'true') was evaluated as ('true' == 'true' and 'true' != 'true').
       Task "Message" skipped, due to false condition; ('$(CopyBuildOutputToOutputDirectory)' == 'true' and '$(SkipCopyBuildProduct)'!='true') was evaluated as ('true' == 'true' and 'true'!='true').
       Task "Copy" skipped, due to false condition; ('@(AddModules)' != '') was evaluated as ('' != '').
       Task "Copy" skipped, due to false condition; ('$(_SGenDllCreated)'=='true') was evaluated as ('false'=='true').
       Using "Copy" task from assembly "Microsoft.Build.Tasks.Core, Version=14.0.0.0, Culture=neutral, PublicKeyToken=b03f5f7f11d50a3a".
       Task "Copy"
         Copying file from "C:\Users\u0942900\Desktop\Networking Assignment\temp\x64\Debug\intermediates\Graphics\Graphics.pdb" to "C:\Users\u0942900\Desktop\Networking Assignment\temp\x64\Debug\lib\Graphics.pdb".
       Done executing task "Copy".
       Task "Copy" skipped, due to false condition; ('$(_DocumentationFileProduced)'=='true') was evaluated as ('false'=='true').
       Task "Copy" skipped, due to false condition; ('@(IntermediateSatelliteAssembliesWithTargetPath)' != '') was evaluated as ('' != '').
       Task "Copy" skipped, due to false condition; ('@(ReferenceComWrappersToCopyLocal)' != '' or '@(ResolvedIsolatedComModules)' != '' or '@(_DeploymentLooseManifestFile)' != '' or '@(NativeReferenceFile)' != '' ) was evaluated as ('' != '' or '' != '' or '' != '' or '' != '' ).
       Task "Copy" skipped, due to false condition; ('$(SkipCopyWinMDArtifact)' != 'true' and '@(WinMDExpArtifacts)' != '') was evaluated as ('' != 'true' and '' != '').
       Task "Message" skipped, due to false condition; ('$(SkipCopyWinMDArtifact)' != 'true' and '$(_WindowsMetadataOutputPath)' != '') was evaluated as ('' != 'true' and '' != '').
     1>Done building target "CopyFilesToOutputDirectory" in project "Graphics.vcxproj".
     1>Target "PrepareForRun" in file "C:\Program Files (x86)\MSBuild\14.0\bin\Microsoft.Common.CurrentVersion.targets" from project "C:\Users\u0942900\Desktop\Networking Assignment\Code\Engine\Graphics\Graphics.vcxproj" (target "_BuildLinkAction" depends on it):
     1>Done building target "PrepareForRun" in project "Graphics.vcxproj".
       Target "CustomBuildStep" skipped, due to false condition; ('@(CustomBuildStep)' != '' and '$(SelectedFiles)'=='') was evaluated as ('' != '' and ''=='').
     1>Target "PostBuildEvent" in file "C:\Program Files (x86)\MSBuild\Microsoft.Cpp\v4.0\V140\Microsoft.CppCommon.targets" from project "C:\Users\u0942900\Desktop\Networking Assignment\Code\Engine\Graphics\Graphics.vcxproj" (target "_BuildLinkAction" depends on it):
       Task "Message" skipped, due to false condition; ('%(PostBuildEvent.Message)' != '' and '%(PostBuildEvent.Command)' != '') was evaluated as ('' != '' and '' != '').
       Task "Exec" skipped, due to false condition; ('%(PostBuildEvent.Command)' != '') was evaluated as ('' != '').
     1>Done building target "PostBuildEvent" in project "Graphics.vcxproj".
     1>Target "_BuildLinkAction" in file "C:\Program Files (x86)\MSBuild\Microsoft.Cpp\v4.0\V140\Microsoft.CppBuild.targets" from project "C:\Users\u0942900\Desktop\Networking Assignment\Code\Engine\Graphics\Graphics.vcxproj" (target "BuildLink" depends on it):
     1>Done building target "_BuildLinkAction" in project "Graphics.vcxproj".
     1>Target "BuildLink" in file "C:\Program Files (x86)\MSBuild\14.0\bin\Microsoft.Common.CurrentVersion.targets" from project "C:\Users\u0942900\Desktop\Networking Assignment\Code\Engine\Graphics\Graphics.vcxproj" (target "Build" depends on it):
     1>Done building target "BuildLink" in project "Graphics.vcxproj".
       Target "CreateTfsBuildInfoResource" skipped, due to false condition; ( $(AddBuildInfoToAssembly)==true ) was evaluated as ( false==true ).
     1>Target "AfterBuild" in file "C:\Program Files (x86)\MSBuild\Microsoft.Cpp\v4.0\V140\Microsoft.BuildSteps.Targets" from project "C:\Users\u0942900\Desktop\Networking Assignment\Code\Engine\Graphics\Graphics.vcxproj" (target "Build" depends on it):
     1>Done building target "AfterBuild" in project "Graphics.vcxproj".
     1>Target "FinalizeBuildStatus" in file "C:\Program Files (x86)\MSBuild\Microsoft.Cpp\v4.0\V140\Microsoft.CppBuild.targets" from project "C:\Users\u0942900\Desktop\Networking Assignment\Code\Engine\Graphics\Graphics.vcxproj" (target "Build" depends on it):
       Using "Delete" task from assembly "Microsoft.Build.Tasks.Core, Version=14.0.0.0, Culture=neutral, PublicKeyToken=b03f5f7f11d50a3a".
       Task "Delete"
         Deleting file "C:\Users\u0942900\Desktop\Networking Assignment\temp\x64\Debug\intermediates\Graphics\Graphics.tlog\unsuccessfulbuild".
       Done executing task "Delete".
       Task "Touch"
         Touching "C:\Users\u0942900\Desktop\Networking Assignment\temp\x64\Debug\intermediates\Graphics\Graphics.tlog\Graphics.lastbuildstate".
       Done executing task "Touch".
     1>Done building target "FinalizeBuildStatus" in project "Graphics.vcxproj".
     1>Target "Build" in file "C:\Program Files (x86)\MSBuild\Microsoft.Cpp\v4.0\V140\Microsoft.BuildSteps.Targets" from project "C:\Users\u0942900\Desktop\Networking Assignment\Code\Engine\Graphics\Graphics.vcxproj" (entry point):
     1>Done building target "Build" in project "Graphics.vcxproj".
     1>Done Building Project "C:\Users\u0942900\Desktop\Networking Assignment\Code\Engine\Graphics\Graphics.vcxproj" (Build target(s)).

Build succeeded.

Time Elapsed 00:00:01.34
